Start testing: Aug 03 16:02 India Standard Time
----------------------------------------------------------
1/53 Testing: V1ServerFixture.GetHealth
1/53 Test: V1ServerFixture.GetHealth
Command: "C:/Users/shash/OneDrive/Documents/My own AI/Your-OWN-AI/build2/unit_tests.exe" "--gtest_filter=V1ServerFixture.GetHealth" "--gtest_also_run_disabled_tests"
Directory: C:/Users/shash/OneDrive/Documents/My own AI/Your-OWN-AI/build2
"V1ServerFixture.GetHealth" start time: Aug 03 16:02 India Standard Time
Output:
----------------------------------------------------------
Running main() from C:\Users\shash\OneDrive\Documents\My own AI\Your-OWN-AI\build2\_deps\googletest-src\googletest\src\gtest_main.cc
Note: Google Test filter = V1ServerFixture.GetHealth
[==========] Running 1 test from 1 test suite.
[----------] Global test environment set-up.
[----------] 1 test from V1ServerFixture
[ RUN      ] V1ServerFixture.GetHealth
[       OK ] V1ServerFixture.GetHealth (17 ms)
[----------] 1 test from V1ServerFixture (17 ms total)

[----------] Global test environment tear-down
[==========] 1 test from 1 test suite ran. (129 ms total)
[  PASSED  ] 1 test.
<end of output>
Test time =   0.15 sec
----------------------------------------------------------
Test Passed.
"V1ServerFixture.GetHealth" end time: Aug 03 16:02 India Standard Time
"V1ServerFixture.GetHealth" time elapsed: 00:00:00
----------------------------------------------------------

2/53 Testing: V1ServerFixture.GetStats
2/53 Test: V1ServerFixture.GetStats
Command: "C:/Users/shash/OneDrive/Documents/My own AI/Your-OWN-AI/build2/unit_tests.exe" "--gtest_filter=V1ServerFixture.GetStats" "--gtest_also_run_disabled_tests"
Directory: C:/Users/shash/OneDrive/Documents/My own AI/Your-OWN-AI/build2
"V1ServerFixture.GetStats" start time: Aug 03 16:02 India Standard Time
Output:
----------------------------------------------------------
Running main() from C:\Users\shash\OneDrive\Documents\My own AI\Your-OWN-AI\build2\_deps\googletest-src\googletest\src\gtest_main.cc
Note: Google Test filter = V1ServerFixture.GetStats
[==========] Running 1 test from 1 test suite.
[----------] Global test environment set-up.
[----------] 1 test from V1ServerFixture
[ RUN      ] V1ServerFixture.GetStats
[       OK ] V1ServerFixture.GetStats (16 ms)
[----------] 1 test from V1ServerFixture (17 ms total)

[----------] Global test environment tear-down
[==========] 1 test from 1 test suite ran. (123 ms total)
[  PASSED  ] 1 test.
<end of output>
Test time =   0.15 sec
----------------------------------------------------------
Test Passed.
"V1ServerFixture.GetStats" end time: Aug 03 16:02 India Standard Time
"V1ServerFixture.GetStats" time elapsed: 00:00:00
----------------------------------------------------------

3/53 Testing: V1ServerFixture.ValidSingleInsertion
3/53 Test: V1ServerFixture.ValidSingleInsertion
Command: "C:/Users/shash/OneDrive/Documents/My own AI/Your-OWN-AI/build2/unit_tests.exe" "--gtest_filter=V1ServerFixture.ValidSingleInsertion" "--gtest_also_run_disabled_tests"
Directory: C:/Users/shash/OneDrive/Documents/My own AI/Your-OWN-AI/build2
"V1ServerFixture.ValidSingleInsertion" start time: Aug 03 16:02 India Standard Time
Output:
----------------------------------------------------------
Running main() from C:\Users\shash\OneDrive\Documents\My own AI\Your-OWN-AI\build2\_deps\googletest-src\googletest\src\gtest_main.cc
Note: Google Test filter = V1ServerFixture.ValidSingleInsertion
[==========] Running 1 test from 1 test suite.
[----------] Global test environment set-up.
[----------] 1 test from V1ServerFixture
[ RUN      ] V1ServerFixture.ValidSingleInsertion
[       OK ] V1ServerFixture.ValidSingleInsertion (0 ms)
[----------] 1 test from V1ServerFixture (0 ms total)

[----------] Global test environment tear-down
[==========] 1 test from 1 test suite ran. (119 ms total)
[  PASSED  ] 1 test.
<end of output>
Test time =   0.15 sec
----------------------------------------------------------
Test Passed.
"V1ServerFixture.ValidSingleInsertion" end time: Aug 03 16:02 India Standard Time
"V1ServerFixture.ValidSingleInsertion" time elapsed: 00:00:00
----------------------------------------------------------

4/53 Testing: V1ServerFixture.ValidBatchInsertion
4/53 Test: V1ServerFixture.ValidBatchInsertion
Command: "C:/Users/shash/OneDrive/Documents/My own AI/Your-OWN-AI/build2/unit_tests.exe" "--gtest_filter=V1ServerFixture.ValidBatchInsertion" "--gtest_also_run_disabled_tests"
Directory: C:/Users/shash/OneDrive/Documents/My own AI/Your-OWN-AI/build2
"V1ServerFixture.ValidBatchInsertion" start time: Aug 03 16:02 India Standard Time
Output:
----------------------------------------------------------
Running main() from C:\Users\shash\OneDrive\Documents\My own AI\Your-OWN-AI\build2\_deps\googletest-src\googletest\src\gtest_main.cc
Note: Google Test filter = V1ServerFixture.ValidBatchInsertion
[==========] Running 1 test from 1 test suite.
[----------] Global test environment set-up.
[----------] 1 test from V1ServerFixture
[ RUN      ] V1ServerFixture.ValidBatchInsertion
[       OK ] V1ServerFixture.ValidBatchInsertion (16 ms)
[----------] 1 test from V1ServerFixture (16 ms total)

[----------] Global test environment tear-down
[==========] 1 test from 1 test suite ran. (135 ms total)
[  PASSED  ] 1 test.
<end of output>
Test time =   0.16 sec
----------------------------------------------------------
Test Passed.
"V1ServerFixture.ValidBatchInsertion" end time: Aug 03 16:02 India Standard Time
"V1ServerFixture.ValidBatchInsertion" time elapsed: 00:00:00
----------------------------------------------------------

5/53 Testing: V1ServerFixture.DuplicateBatchIDs
5/53 Test: V1ServerFixture.DuplicateBatchIDs
Command: "C:/Users/shash/OneDrive/Documents/My own AI/Your-OWN-AI/build2/unit_tests.exe" "--gtest_filter=V1ServerFixture.DuplicateBatchIDs" "--gtest_also_run_disabled_tests"
Directory: C:/Users/shash/OneDrive/Documents/My own AI/Your-OWN-AI/build2
"V1ServerFixture.DuplicateBatchIDs" start time: Aug 03 16:02 India Standard Time
Output:
----------------------------------------------------------
Running main() from C:\Users\shash\OneDrive\Documents\My own AI\Your-OWN-AI\build2\_deps\googletest-src\googletest\src\gtest_main.cc
Note: Google Test filter = V1ServerFixture.DuplicateBatchIDs
[==========] Running 1 test from 1 test suite.
[----------] Global test environment set-up.
[----------] 1 test from V1ServerFixture
[ RUN      ] V1ServerFixture.DuplicateBatchIDs
[       OK ] V1ServerFixture.DuplicateBatchIDs (17 ms)
[----------] 1 test from V1ServerFixture (17 ms total)

[----------] Global test environment tear-down
[==========] 1 test from 1 test suite ran. (140 ms total)
[  PASSED  ] 1 test.
<end of output>
Test time =   0.17 sec
----------------------------------------------------------
Test Passed.
"V1ServerFixture.DuplicateBatchIDs" end time: Aug 03 16:02 India Standard Time
"V1ServerFixture.DuplicateBatchIDs" time elapsed: 00:00:00
----------------------------------------------------------

6/53 Testing: V1ServerFixture.MalformedJSON
6/53 Test: V1ServerFixture.MalformedJSON
Command: "C:/Users/shash/OneDrive/Documents/My own AI/Your-OWN-AI/build2/unit_tests.exe" "--gtest_filter=V1ServerFixture.MalformedJSON" "--gtest_also_run_disabled_tests"
Directory: C:/Users/shash/OneDrive/Documents/My own AI/Your-OWN-AI/build2
"V1ServerFixture.MalformedJSON" start time: Aug 03 16:02 India Standard Time
Output:
----------------------------------------------------------
Running main() from C:\Users\shash\OneDrive\Documents\My own AI\Your-OWN-AI\build2\_deps\googletest-src\googletest\src\gtest_main.cc
Note: Google Test filter = V1ServerFixture.MalformedJSON
[==========] Running 1 test from 1 test suite.
[----------] Global test environment set-up.
[----------] 1 test from V1ServerFixture
[ RUN      ] V1ServerFixture.MalformedJSON
[       OK ] V1ServerFixture.MalformedJSON (4 ms)
[----------] 1 test from V1ServerFixture (4 ms total)

[----------] Global test environment tear-down
[==========] 1 test from 1 test suite ran. (118 ms total)
[  PASSED  ] 1 test.
<end of output>
Test time =   0.15 sec
----------------------------------------------------------
Test Passed.
"V1ServerFixture.MalformedJSON" end time: Aug 03 16:02 India Standard Time
"V1ServerFixture.MalformedJSON" time elapsed: 00:00:00
----------------------------------------------------------

7/53 Testing: V1ServerFixture.SearchInEmptyNamespace
7/53 Test: V1ServerFixture.SearchInEmptyNamespace
Command: "C:/Users/shash/OneDrive/Documents/My own AI/Your-OWN-AI/build2/unit_tests.exe" "--gtest_filter=V1ServerFixture.SearchInEmptyNamespace" "--gtest_also_run_disabled_tests"
Directory: C:/Users/shash/OneDrive/Documents/My own AI/Your-OWN-AI/build2
"V1ServerFixture.SearchInEmptyNamespace" start time: Aug 03 16:02 India Standard Time
Output:
----------------------------------------------------------
Running main() from C:\Users\shash\OneDrive\Documents\My own AI\Your-OWN-AI\build2\_deps\googletest-src\googletest\src\gtest_main.cc
Note: Google Test filter = V1ServerFixture.SearchInEmptyNamespace
[==========] Running 1 test from 1 test suite.
[----------] Global test environment set-up.
[----------] 1 test from V1ServerFixture
[ RUN      ] V1ServerFixture.SearchInEmptyNamespace
[       OK ] V1ServerFixture.SearchInEmptyNamespace (1 ms)
[----------] 1 test from V1ServerFixture (1 ms total)

[----------] Global test environment tear-down
[==========] 1 test from 1 test suite ran. (119 ms total)
[  PASSED  ] 1 test.
<end of output>
Test time =   0.15 sec
----------------------------------------------------------
Test Passed.
"V1ServerFixture.SearchInEmptyNamespace" end time: Aug 03 16:02 India Standard Time
"V1ServerFixture.SearchInEmptyNamespace" time elapsed: 00:00:00
----------------------------------------------------------

8/53 Testing: V1ServerFixture.InvalidVectorDimensions
8/53 Test: V1ServerFixture.InvalidVectorDimensions
Command: "C:/Users/shash/OneDrive/Documents/My own AI/Your-OWN-AI/build2/unit_tests.exe" "--gtest_filter=V1ServerFixture.InvalidVectorDimensions" "--gtest_also_run_disabled_tests"
Directory: C:/Users/shash/OneDrive/Documents/My own AI/Your-OWN-AI/build2
"V1ServerFixture.InvalidVectorDimensions" start time: Aug 03 16:02 India Standard Time
Output:
----------------------------------------------------------
Running main() from C:\Users\shash\OneDrive\Documents\My own AI\Your-OWN-AI\build2\_deps\googletest-src\googletest\src\gtest_main.cc
Note: Google Test filter = V1ServerFixture.InvalidVectorDimensions
[==========] Running 1 test from 1 test suite.
[----------] Global test environment set-up.
[----------] 1 test from V1ServerFixture
[ RUN      ] V1ServerFixture.InvalidVectorDimensions
[       OK ] V1ServerFixture.InvalidVectorDimensions (31 ms)
[----------] 1 test from V1ServerFixture (31 ms total)

[----------] Global test environment tear-down
[==========] 1 test from 1 test suite ran. (151 ms total)
[  PASSED  ] 1 test.
<end of output>
Test time =   0.19 sec
----------------------------------------------------------
Test Passed.
"V1ServerFixture.InvalidVectorDimensions" end time: Aug 03 16:02 India Standard Time
"V1ServerFixture.InvalidVectorDimensions" time elapsed: 00:00:00
----------------------------------------------------------

9/53 Testing: V1ServerFixture.InvalidK
9/53 Test: V1ServerFixture.InvalidK
Command: "C:/Users/shash/OneDrive/Documents/My own AI/Your-OWN-AI/build2/unit_tests.exe" "--gtest_filter=V1ServerFixture.InvalidK" "--gtest_also_run_disabled_tests"
Directory: C:/Users/shash/OneDrive/Documents/My own AI/Your-OWN-AI/build2
"V1ServerFixture.InvalidK" start time: Aug 03 16:02 India Standard Time
Output:
----------------------------------------------------------
Running main() from C:\Users\shash\OneDrive\Documents\My own AI\Your-OWN-AI\build2\_deps\googletest-src\googletest\src\gtest_main.cc
Note: Google Test filter = V1ServerFixture.InvalidK
[==========] Running 1 test from 1 test suite.
[----------] Global test environment set-up.
[----------] 1 test from V1ServerFixture
[ RUN      ] V1ServerFixture.InvalidK
[       OK ] V1ServerFixture.InvalidK (2 ms)
[----------] 1 test from V1ServerFixture (2 ms total)

[----------] Global test environment tear-down
[==========] 1 test from 1 test suite ran. (110 ms total)
[  PASSED  ] 1 test.
<end of output>
Test time =   0.14 sec
----------------------------------------------------------
Test Passed.
"V1ServerFixture.InvalidK" end time: Aug 03 16:02 India Standard Time
"V1ServerFixture.InvalidK" time elapsed: 00:00:00
----------------------------------------------------------

10/53 Testing: V1ServerFixture.UnsupportedAlgorithm
10/53 Test: V1ServerFixture.UnsupportedAlgorithm
Command: "C:/Users/shash/OneDrive/Documents/My own AI/Your-OWN-AI/build2/unit_tests.exe" "--gtest_filter=V1ServerFixture.UnsupportedAlgorithm" "--gtest_also_run_disabled_tests"
Directory: C:/Users/shash/OneDrive/Documents/My own AI/Your-OWN-AI/build2
"V1ServerFixture.UnsupportedAlgorithm" start time: Aug 03 16:02 India Standard Time
Output:
----------------------------------------------------------
Running main() from C:\Users\shash\OneDrive\Documents\My own AI\Your-OWN-AI\build2\_deps\googletest-src\googletest\src\gtest_main.cc
Note: Google Test filter = V1ServerFixture.UnsupportedAlgorithm
[==========] Running 1 test from 1 test suite.
[----------] Global test environment set-up.
[----------] 1 test from V1ServerFixture
[ RUN      ] V1ServerFixture.UnsupportedAlgorithm
[       OK ] V1ServerFixture.UnsupportedAlgorithm (2 ms)
[----------] 1 test from V1ServerFixture (2 ms total)

[----------] Global test environment tear-down
[==========] 1 test from 1 test suite ran. (108 ms total)
[  PASSED  ] 1 test.
<end of output>
Test time =   0.14 sec
----------------------------------------------------------
Test Passed.
"V1ServerFixture.UnsupportedAlgorithm" end time: Aug 03 16:02 India Standard Time
"V1ServerFixture.UnsupportedAlgorithm" time elapsed: 00:00:00
----------------------------------------------------------

11/53 Testing: V1ServerFixture.UnsupportedMetric
11/53 Test: V1ServerFixture.UnsupportedMetric
Command: "C:/Users/shash/OneDrive/Documents/My own AI/Your-OWN-AI/build2/unit_tests.exe" "--gtest_filter=V1ServerFixture.UnsupportedMetric" "--gtest_also_run_disabled_tests"
Directory: C:/Users/shash/OneDrive/Documents/My own AI/Your-OWN-AI/build2
"V1ServerFixture.UnsupportedMetric" start time: Aug 03 16:02 India Standard Time
Output:
----------------------------------------------------------
Running main() from C:\Users\shash\OneDrive\Documents\My own AI\Your-OWN-AI\build2\_deps\googletest-src\googletest\src\gtest_main.cc
Note: Google Test filter = V1ServerFixture.UnsupportedMetric
[==========] Running 1 test from 1 test suite.
[----------] Global test environment set-up.
[----------] 1 test from V1ServerFixture
[ RUN      ] V1ServerFixture.UnsupportedMetric
[       OK ] V1ServerFixture.UnsupportedMetric (17 ms)
[----------] 1 test from V1ServerFixture (17 ms total)

[----------] Global test environment tear-down
[==========] 1 test from 1 test suite ran. (129 ms total)
[  PASSED  ] 1 test.
<end of output>
Test time =   0.15 sec
----------------------------------------------------------
Test Passed.
"V1ServerFixture.UnsupportedMetric" end time: Aug 03 16:02 India Standard Time
"V1ServerFixture.UnsupportedMetric" time elapsed: 00:00:00
----------------------------------------------------------

12/53 Testing: V1ServerFixture.NamespaceIsolation
12/53 Test: V1ServerFixture.NamespaceIsolation
Command: "C:/Users/shash/OneDrive/Documents/My own AI/Your-OWN-AI/build2/unit_tests.exe" "--gtest_filter=V1ServerFixture.NamespaceIsolation" "--gtest_also_run_disabled_tests"
Directory: C:/Users/shash/OneDrive/Documents/My own AI/Your-OWN-AI/build2
"V1ServerFixture.NamespaceIsolation" start time: Aug 03 16:02 India Standard Time
Output:
----------------------------------------------------------
Running main() from C:\Users\shash\OneDrive\Documents\My own AI\Your-OWN-AI\build2\_deps\googletest-src\googletest\src\gtest_main.cc
Note: Google Test filter = V1ServerFixture.NamespaceIsolation
[==========] Running 1 test from 1 test suite.
[----------] Global test environment set-up.
[----------] 1 test from V1ServerFixture
[ RUN      ] V1ServerFixture.NamespaceIsolation
[       OK ] V1ServerFixture.NamespaceIsolation (48 ms)
[----------] 1 test from V1ServerFixture (48 ms total)

[----------] Global test environment tear-down
[==========] 1 test from 1 test suite ran. (152 ms total)
[  PASSED  ] 1 test.
<end of output>
Test time =   0.18 sec
----------------------------------------------------------
Test Passed.
"V1ServerFixture.NamespaceIsolation" end time: Aug 03 16:02 India Standard Time
"V1ServerFixture.NamespaceIsolation" time elapsed: 00:00:00
----------------------------------------------------------

13/53 Testing: V1ServerFixture.DeleteExistingAndMissingVector
13/53 Test: V1ServerFixture.DeleteExistingAndMissingVector
Command: "C:/Users/shash/OneDrive/Documents/My own AI/Your-OWN-AI/build2/unit_tests.exe" "--gtest_filter=V1ServerFixture.DeleteExistingAndMissingVector" "--gtest_also_run_disabled_tests"
Directory: C:/Users/shash/OneDrive/Documents/My own AI/Your-OWN-AI/build2
"V1ServerFixture.DeleteExistingAndMissingVector" start time: Aug 03 16:02 India Standard Time
Output:
----------------------------------------------------------
Running main() from C:\Users\shash\OneDrive\Documents\My own AI\Your-OWN-AI\build2\_deps\googletest-src\googletest\src\gtest_main.cc
Note: Google Test filter = V1ServerFixture.DeleteExistingAndMissingVector
[==========] Running 1 test from 1 test suite.
[----------] Global test environment set-up.
[----------] 1 test from V1ServerFixture
[ RUN      ] V1ServerFixture.DeleteExistingAndMissingVector
[       OK ] V1ServerFixture.DeleteExistingAndMissingVector (31 ms)
[----------] 1 test from V1ServerFixture (31 ms total)

[----------] Global test environment tear-down
[==========] 1 test from 1 test suite ran. (148 ms total)
[  PASSED  ] 1 test.
<end of output>
Test time =   0.18 sec
----------------------------------------------------------
Test Passed.
"V1ServerFixture.DeleteExistingAndMissingVector" end time: Aug 03 16:02 India Standard Time
"V1ServerFixture.DeleteExistingAndMissingVector" time elapsed: 00:00:00
----------------------------------------------------------

14/53 Testing: V1ServerFixture.AtomicRebuildSuccessAndFailureRollback
14/53 Test: V1ServerFixture.AtomicRebuildSuccessAndFailureRollback
Command: "C:/Users/shash/OneDrive/Documents/My own AI/Your-OWN-AI/build2/unit_tests.exe" "--gtest_filter=V1ServerFixture.AtomicRebuildSuccessAndFailureRollback" "--gtest_also_run_disabled_tests"
Directory: C:/Users/shash/OneDrive/Documents/My own AI/Your-OWN-AI/build2
"V1ServerFixture.AtomicRebuildSuccessAndFailureRollback" start time: Aug 03 16:02 India Standard Time
Output:
----------------------------------------------------------
Running main() from C:\Users\shash\OneDrive\Documents\My own AI\Your-OWN-AI\build2\_deps\googletest-src\googletest\src\gtest_main.cc
Note: Google Test filter = V1ServerFixture.AtomicRebuildSuccessAndFailureRollback
[==========] Running 1 test from 1 test suite.
[----------] Global test environment set-up.
[----------] 1 test from V1ServerFixture
[ RUN      ] V1ServerFixture.AtomicRebuildSuccessAndFailureRollback
[       OK ] V1ServerFixture.AtomicRebuildSuccessAndFailureRollback (63 ms)
[----------] 1 test from V1ServerFixture (63 ms total)

[----------] Global test environment tear-down
[==========] 1 test from 1 test suite ran. (181 ms total)
[  PASSED  ] 1 test.
<end of output>
Test time =   0.22 sec
----------------------------------------------------------
Test Passed.
"V1ServerFixture.AtomicRebuildSuccessAndFailureRollback" end time: Aug 03 16:02 India Standard Time
"V1ServerFixture.AtomicRebuildSuccessAndFailureRollback" time elapsed: 00:00:00
----------------------------------------------------------

15/53 Testing: AtomicRebuildTest.DuplicateBatchIDRejection
15/53 Test: AtomicRebuildTest.DuplicateBatchIDRejection
Command: "C:/Users/shash/OneDrive/Documents/My own AI/Your-OWN-AI/build2/unit_tests.exe" "--gtest_filter=AtomicRebuildTest.DuplicateBatchIDRejection" "--gtest_also_run_disabled_tests"
Directory: C:/Users/shash/OneDrive/Documents/My own AI/Your-OWN-AI/build2
"AtomicRebuildTest.DuplicateBatchIDRejection" start time: Aug 03 16:02 India Standard Time
Output:
----------------------------------------------------------
Running main() from C:\Users\shash\OneDrive\Documents\My own AI\Your-OWN-AI\build2\_deps\googletest-src\googletest\src\gtest_main.cc
Note: Google Test filter = AtomicRebuildTest.DuplicateBatchIDRejection
[==========] Running 1 test from 1 test suite.
[----------] Global test environment set-up.
[----------] 1 test from AtomicRebuildTest
[ RUN      ] AtomicRebuildTest.DuplicateBatchIDRejection
[       OK ] AtomicRebuildTest.DuplicateBatchIDRejection (0 ms)
[----------] 1 test from AtomicRebuildTest (0 ms total)

[----------] Global test environment tear-down
[==========] 1 test from 1 test suite ran. (0 ms total)
[  PASSED  ] 1 test.
<end of output>
Test time =   0.04 sec
----------------------------------------------------------
Test Passed.
"AtomicRebuildTest.DuplicateBatchIDRejection" end time: Aug 03 16:02 India Standard Time
"AtomicRebuildTest.DuplicateBatchIDRejection" time elapsed: 00:00:00
----------------------------------------------------------

16/53 Testing: AtomicRebuildTest.FailedRebuildPreservesActiveIndex
16/53 Test: AtomicRebuildTest.FailedRebuildPreservesActiveIndex
Command: "C:/Users/shash/OneDrive/Documents/My own AI/Your-OWN-AI/build2/unit_tests.exe" "--gtest_filter=AtomicRebuildTest.FailedRebuildPreservesActiveIndex" "--gtest_also_run_disabled_tests"
Directory: C:/Users/shash/OneDrive/Documents/My own AI/Your-OWN-AI/build2
"AtomicRebuildTest.FailedRebuildPreservesActiveIndex" start time: Aug 03 16:02 India Standard Time
Output:
----------------------------------------------------------
Running main() from C:\Users\shash\OneDrive\Documents\My own AI\Your-OWN-AI\build2\_deps\googletest-src\googletest\src\gtest_main.cc
Note: Google Test filter = AtomicRebuildTest.FailedRebuildPreservesActiveIndex
[==========] Running 1 test from 1 test suite.
[----------] Global test environment set-up.
[----------] 1 test from AtomicRebuildTest
[ RUN      ] AtomicRebuildTest.FailedRebuildPreservesActiveIndex
[       OK ] AtomicRebuildTest.FailedRebuildPreservesActiveIndex (0 ms)
[----------] 1 test from AtomicRebuildTest (0 ms total)

[----------] Global test environment tear-down
[==========] 1 test from 1 test suite ran. (0 ms total)
[  PASSED  ] 1 test.
<end of output>
Test time =   0.03 sec
----------------------------------------------------------
Test Passed.
"AtomicRebuildTest.FailedRebuildPreservesActiveIndex" end time: Aug 03 16:02 India Standard Time
"AtomicRebuildTest.FailedRebuildPreservesActiveIndex" time elapsed: 00:00:00
----------------------------------------------------------

17/53 Testing: AtomicRebuildTest.ConcurrentSearchDuringRebuild
17/53 Test: AtomicRebuildTest.ConcurrentSearchDuringRebuild
Command: "C:/Users/shash/OneDrive/Documents/My own AI/Your-OWN-AI/build2/unit_tests.exe" "--gtest_filter=AtomicRebuildTest.ConcurrentSearchDuringRebuild" "--gtest_also_run_disabled_tests"
Directory: C:/Users/shash/OneDrive/Documents/My own AI/Your-OWN-AI/build2
"AtomicRebuildTest.ConcurrentSearchDuringRebuild" start time: Aug 03 16:02 India Standard Time
Output:
----------------------------------------------------------
Running main() from C:\Users\shash\OneDrive\Documents\My own AI\Your-OWN-AI\build2\_deps\googletest-src\googletest\src\gtest_main.cc
Note: Google Test filter = AtomicRebuildTest.ConcurrentSearchDuringRebuild
[==========] Running 1 test from 1 test suite.
[----------] Global test environment set-up.
[----------] 1 test from AtomicRebuildTest
[ RUN      ] AtomicRebuildTest.ConcurrentSearchDuringRebuild
[       OK ] AtomicRebuildTest.ConcurrentSearchDuringRebuild (310 ms)
[----------] 1 test from AtomicRebuildTest (310 ms total)

[----------] Global test environment tear-down
[==========] 1 test from 1 test suite ran. (310 ms total)
[  PASSED  ] 1 test.
<end of output>
Test time =   0.33 sec
----------------------------------------------------------
Test Passed.
"AtomicRebuildTest.ConcurrentSearchDuringRebuild" end time: Aug 03 16:02 India Standard Time
"AtomicRebuildTest.ConcurrentSearchDuringRebuild" time elapsed: 00:00:00
----------------------------------------------------------

18/53 Testing: V1ApiTest.InsertAndSearchInNamespace
18/53 Test: V1ApiTest.InsertAndSearchInNamespace
Command: "C:/Users/shash/OneDrive/Documents/My own AI/Your-OWN-AI/build2/unit_tests.exe" "--gtest_filter=V1ApiTest.InsertAndSearchInNamespace" "--gtest_also_run_disabled_tests"
Directory: C:/Users/shash/OneDrive/Documents/My own AI/Your-OWN-AI/build2
"V1ApiTest.InsertAndSearchInNamespace" start time: Aug 03 16:02 India Standard Time
Output:
----------------------------------------------------------
Running main() from C:\Users\shash\OneDrive\Documents\My own AI\Your-OWN-AI\build2\_deps\googletest-src\googletest\src\gtest_main.cc
Note: Google Test filter = V1ApiTest.InsertAndSearchInNamespace
[==========] Running 1 test from 1 test suite.
[----------] Global test environment set-up.
[----------] 1 test from V1ApiTest
[ RUN      ] V1ApiTest.InsertAndSearchInNamespace
[       OK ] V1ApiTest.InsertAndSearchInNamespace (0 ms)
[----------] 1 test from V1ApiTest (0 ms total)

[----------] Global test environment tear-down
[==========] 1 test from 1 test suite ran. (0 ms total)
[  PASSED  ] 1 test.
<end of output>
Test time =   0.03 sec
----------------------------------------------------------
Test Passed.
"V1ApiTest.InsertAndSearchInNamespace" end time: Aug 03 16:02 India Standard Time
"V1ApiTest.InsertAndSearchInNamespace" time elapsed: 00:00:00
----------------------------------------------------------

19/53 Testing: V1ApiTest.NamespaceIsolation
19/53 Test: V1ApiTest.NamespaceIsolation
Command: "C:/Users/shash/OneDrive/Documents/My own AI/Your-OWN-AI/build2/unit_tests.exe" "--gtest_filter=V1ApiTest.NamespaceIsolation" "--gtest_also_run_disabled_tests"
Directory: C:/Users/shash/OneDrive/Documents/My own AI/Your-OWN-AI/build2
"V1ApiTest.NamespaceIsolation" start time: Aug 03 16:02 India Standard Time
Output:
----------------------------------------------------------
Running main() from C:\Users\shash\OneDrive\Documents\My own AI\Your-OWN-AI\build2\_deps\googletest-src\googletest\src\gtest_main.cc
Note: Google Test filter = V1ApiTest.NamespaceIsolation
[==========] Running 1 test from 1 test suite.
[----------] Global test environment set-up.
[----------] 1 test from V1ApiTest
[ RUN      ] V1ApiTest.NamespaceIsolation
[       OK ] V1ApiTest.NamespaceIsolation (0 ms)
[----------] 1 test from V1ApiTest (0 ms total)

[----------] Global test environment tear-down
[==========] 1 test from 1 test suite ran. (0 ms total)
[  PASSED  ] 1 test.
<end of output>
Test time =   0.02 sec
----------------------------------------------------------
Test Passed.
"V1ApiTest.NamespaceIsolation" end time: Aug 03 16:02 India Standard Time
"V1ApiTest.NamespaceIsolation" time elapsed: 00:00:00
----------------------------------------------------------

20/53 Testing: V1ApiTest.DeleteVectorAndNamespace
20/53 Test: V1ApiTest.DeleteVectorAndNamespace
Command: "C:/Users/shash/OneDrive/Documents/My own AI/Your-OWN-AI/build2/unit_tests.exe" "--gtest_filter=V1ApiTest.DeleteVectorAndNamespace" "--gtest_also_run_disabled_tests"
Directory: C:/Users/shash/OneDrive/Documents/My own AI/Your-OWN-AI/build2
"V1ApiTest.DeleteVectorAndNamespace" start time: Aug 03 16:02 India Standard Time
Output:
----------------------------------------------------------
Running main() from C:\Users\shash\OneDrive\Documents\My own AI\Your-OWN-AI\build2\_deps\googletest-src\googletest\src\gtest_main.cc
Note: Google Test filter = V1ApiTest.DeleteVectorAndNamespace
[==========] Running 1 test from 1 test suite.
[----------] Global test environment set-up.
[----------] 1 test from V1ApiTest
[ RUN      ] V1ApiTest.DeleteVectorAndNamespace
[       OK ] V1ApiTest.DeleteVectorAndNamespace (0 ms)
[----------] 1 test from V1ApiTest (0 ms total)

[----------] Global test environment tear-down
[==========] 1 test from 1 test suite ran. (0 ms total)
[  PASSED  ] 1 test.
<end of output>
Test time =   0.02 sec
----------------------------------------------------------
Test Passed.
"V1ApiTest.DeleteVectorAndNamespace" end time: Aug 03 16:02 India Standard Time
"V1ApiTest.DeleteVectorAndNamespace" time elapsed: 00:00:00
----------------------------------------------------------

21/53 Testing: ConcurrencyTest.ParallelReaders
21/53 Test: ConcurrencyTest.ParallelReaders
Command: "C:/Users/shash/OneDrive/Documents/My own AI/Your-OWN-AI/build2/unit_tests.exe" "--gtest_filter=ConcurrencyTest.ParallelReaders" "--gtest_also_run_disabled_tests"
Directory: C:/Users/shash/OneDrive/Documents/My own AI/Your-OWN-AI/build2
"ConcurrencyTest.ParallelReaders" start time: Aug 03 16:02 India Standard Time
Output:
----------------------------------------------------------
Running main() from C:\Users\shash\OneDrive\Documents\My own AI\Your-OWN-AI\build2\_deps\googletest-src\googletest\src\gtest_main.cc
Note: Google Test filter = ConcurrencyTest.ParallelReaders
[==========] Running 1 test from 1 test suite.
[----------] Global test environment set-up.
[----------] 1 test from ConcurrencyTest
[ RUN      ] ConcurrencyTest.ParallelReaders
[       OK ] ConcurrencyTest.ParallelReaders (3 ms)
[----------] 1 test from ConcurrencyTest (3 ms total)

[----------] Global test environment tear-down
[==========] 1 test from 1 test suite ran. (3 ms total)
[  PASSED  ] 1 test.
<end of output>
Test time =   0.03 sec
----------------------------------------------------------
Test Passed.
"ConcurrencyTest.ParallelReaders" end time: Aug 03 16:02 India Standard Time
"ConcurrencyTest.ParallelReaders" time elapsed: 00:00:00
----------------------------------------------------------

22/53 Testing: ConcurrencyTest.MixedReadWriteStress
22/53 Test: ConcurrencyTest.MixedReadWriteStress
Command: "C:/Users/shash/OneDrive/Documents/My own AI/Your-OWN-AI/build2/unit_tests.exe" "--gtest_filter=ConcurrencyTest.MixedReadWriteStress" "--gtest_also_run_disabled_tests"
Directory: C:/Users/shash/OneDrive/Documents/My own AI/Your-OWN-AI/build2
"ConcurrencyTest.MixedReadWriteStress" start time: Aug 03 16:02 India Standard Time
Output:
----------------------------------------------------------
Running main() from C:\Users\shash\OneDrive\Documents\My own AI\Your-OWN-AI\build2\_deps\googletest-src\googletest\src\gtest_main.cc
Note: Google Test filter = ConcurrencyTest.MixedReadWriteStress
[==========] Running 1 test from 1 test suite.
[----------] Global test environment set-up.
[----------] 1 test from ConcurrencyTest
[ RUN      ] ConcurrencyTest.MixedReadWriteStress
[       OK ] ConcurrencyTest.MixedReadWriteStress (208 ms)
[----------] 1 test from ConcurrencyTest (208 ms total)

[----------] Global test environment tear-down
[==========] 1 test from 1 test suite ran. (208 ms total)
[  PASSED  ] 1 test.
<end of output>
Test time =   0.23 sec
----------------------------------------------------------
Test Passed.
"ConcurrencyTest.MixedReadWriteStress" end time: Aug 03 16:02 India Standard Time
"ConcurrencyTest.MixedReadWriteStress" time elapsed: 00:00:00
----------------------------------------------------------

23/53 Testing: EdgeCaseTest.EmptyIndexSearch
23/53 Test: EdgeCaseTest.EmptyIndexSearch
Command: "C:/Users/shash/OneDrive/Documents/My own AI/Your-OWN-AI/build2/unit_tests.exe" "--gtest_filter=EdgeCaseTest.EmptyIndexSearch" "--gtest_also_run_disabled_tests"
Directory: C:/Users/shash/OneDrive/Documents/My own AI/Your-OWN-AI/build2
"EdgeCaseTest.EmptyIndexSearch" start time: Aug 03 16:02 India Standard Time
Output:
----------------------------------------------------------
Running main() from C:\Users\shash\OneDrive\Documents\My own AI\Your-OWN-AI\build2\_deps\googletest-src\googletest\src\gtest_main.cc
Note: Google Test filter = EdgeCaseTest.EmptyIndexSearch
[==========] Running 1 test from 1 test suite.
[----------] Global test environment set-up.
[----------] 1 test from EdgeCaseTest
[ RUN      ] EdgeCaseTest.EmptyIndexSearch
[       OK ] EdgeCaseTest.EmptyIndexSearch (0 ms)
[----------] 1 test from EdgeCaseTest (0 ms total)

[----------] Global test environment tear-down
[==========] 1 test from 1 test suite ran. (0 ms total)
[  PASSED  ] 1 test.
<end of output>
Test time =   0.02 sec
----------------------------------------------------------
Test Passed.
"EdgeCaseTest.EmptyIndexSearch" end time: Aug 03 16:02 India Standard Time
"EdgeCaseTest.EmptyIndexSearch" time elapsed: 00:00:00
----------------------------------------------------------

24/53 Testing: EdgeCaseTest.OneItemIndex
24/53 Test: EdgeCaseTest.OneItemIndex
Command: "C:/Users/shash/OneDrive/Documents/My own AI/Your-OWN-AI/build2/unit_tests.exe" "--gtest_filter=EdgeCaseTest.OneItemIndex" "--gtest_also_run_disabled_tests"
Directory: C:/Users/shash/OneDrive/Documents/My own AI/Your-OWN-AI/build2
"EdgeCaseTest.OneItemIndex" start time: Aug 03 16:02 India Standard Time
Output:
----------------------------------------------------------
Running main() from C:\Users\shash\OneDrive\Documents\My own AI\Your-OWN-AI\build2\_deps\googletest-src\googletest\src\gtest_main.cc
Note: Google Test filter = EdgeCaseTest.OneItemIndex
[==========] Running 1 test from 1 test suite.
[----------] Global test environment set-up.
[----------] 1 test from EdgeCaseTest
[ RUN      ] EdgeCaseTest.OneItemIndex
[       OK ] EdgeCaseTest.OneItemIndex (0 ms)
[----------] 1 test from EdgeCaseTest (0 ms total)

[----------] Global test environment tear-down
[==========] 1 test from 1 test suite ran. (0 ms total)
[  PASSED  ] 1 test.
<end of output>
Test time =   0.02 sec
----------------------------------------------------------
Test Passed.
"EdgeCaseTest.OneItemIndex" end time: Aug 03 16:02 India Standard Time
"EdgeCaseTest.OneItemIndex" time elapsed: 00:00:00
----------------------------------------------------------

25/53 Testing: EdgeCaseTest.DuplicateVectors
25/53 Test: EdgeCaseTest.DuplicateVectors
Command: "C:/Users/shash/OneDrive/Documents/My own AI/Your-OWN-AI/build2/unit_tests.exe" "--gtest_filter=EdgeCaseTest.DuplicateVectors" "--gtest_also_run_disabled_tests"
Directory: C:/Users/shash/OneDrive/Documents/My own AI/Your-OWN-AI/build2
"EdgeCaseTest.DuplicateVectors" start time: Aug 03 16:02 India Standard Time
Output:
----------------------------------------------------------
Running main() from C:\Users\shash\OneDrive\Documents\My own AI\Your-OWN-AI\build2\_deps\googletest-src\googletest\src\gtest_main.cc
Note: Google Test filter = EdgeCaseTest.DuplicateVectors
[==========] Running 1 test from 1 test suite.
[----------] Global test environment set-up.
[----------] 1 test from EdgeCaseTest
[ RUN      ] EdgeCaseTest.DuplicateVectors
[       OK ] EdgeCaseTest.DuplicateVectors (0 ms)
[----------] 1 test from EdgeCaseTest (0 ms total)

[----------] Global test environment tear-down
[==========] 1 test from 1 test suite ran. (0 ms total)
[  PASSED  ] 1 test.
<end of output>
Test time =   0.01 sec
----------------------------------------------------------
Test Passed.
"EdgeCaseTest.DuplicateVectors" end time: Aug 03 16:02 India Standard Time
"EdgeCaseTest.DuplicateVectors" time elapsed: 00:00:00
----------------------------------------------------------

26/53 Testing: EdgeCaseTest.DuplicateIDs
26/53 Test: EdgeCaseTest.DuplicateIDs
Command: "C:/Users/shash/OneDrive/Documents/My own AI/Your-OWN-AI/build2/unit_tests.exe" "--gtest_filter=EdgeCaseTest.DuplicateIDs" "--gtest_also_run_disabled_tests"
Directory: C:/Users/shash/OneDrive/Documents/My own AI/Your-OWN-AI/build2
"EdgeCaseTest.DuplicateIDs" start time: Aug 03 16:02 India Standard Time
Output:
----------------------------------------------------------
Running main() from C:\Users\shash\OneDrive\Documents\My own AI\Your-OWN-AI\build2\_deps\googletest-src\googletest\src\gtest_main.cc
Note: Google Test filter = EdgeCaseTest.DuplicateIDs
[==========] Running 1 test from 1 test suite.
[----------] Global test environment set-up.
[----------] 1 test from EdgeCaseTest
[ RUN      ] EdgeCaseTest.DuplicateIDs
[       OK ] EdgeCaseTest.DuplicateIDs (0 ms)
[----------] 1 test from EdgeCaseTest (0 ms total)

[----------] Global test environment tear-down
[==========] 1 test from 1 test suite ran. (0 ms total)
[  PASSED  ] 1 test.
<end of output>
Test time =   0.02 sec
----------------------------------------------------------
Test Passed.
"EdgeCaseTest.DuplicateIDs" end time: Aug 03 16:02 India Standard Time
"EdgeCaseTest.DuplicateIDs" time elapsed: 00:00:00
----------------------------------------------------------

27/53 Testing: EdgeCaseTest.DeleteMissingID
27/53 Test: EdgeCaseTest.DeleteMissingID
Command: "C:/Users/shash/OneDrive/Documents/My own AI/Your-OWN-AI/build2/unit_tests.exe" "--gtest_filter=EdgeCaseTest.DeleteMissingID" "--gtest_also_run_disabled_tests"
Directory: C:/Users/shash/OneDrive/Documents/My own AI/Your-OWN-AI/build2
"EdgeCaseTest.DeleteMissingID" start time: Aug 03 16:02 India Standard Time
Output:
----------------------------------------------------------
Running main() from C:\Users\shash\OneDrive\Documents\My own AI\Your-OWN-AI\build2\_deps\googletest-src\googletest\src\gtest_main.cc
Note: Google Test filter = EdgeCaseTest.DeleteMissingID
[==========] Running 1 test from 1 test suite.
[----------] Global test environment set-up.
[----------] 1 test from EdgeCaseTest
[ RUN      ] EdgeCaseTest.DeleteMissingID
[       OK ] EdgeCaseTest.DeleteMissingID (0 ms)
[----------] 1 test from EdgeCaseTest (0 ms total)

[----------] Global test environment tear-down
[==========] 1 test from 1 test suite ran. (0 ms total)
[  PASSED  ] 1 test.
<end of output>
Test time =   0.01 sec
----------------------------------------------------------
Test Passed.
"EdgeCaseTest.DeleteMissingID" end time: Aug 03 16:02 India Standard Time
"EdgeCaseTest.DeleteMissingID" time elapsed: 00:00:00
----------------------------------------------------------

28/53 Testing: EdgeCaseTest.DeleteHNSWEntryPoint
28/53 Test: EdgeCaseTest.DeleteHNSWEntryPoint
Command: "C:/Users/shash/OneDrive/Documents/My own AI/Your-OWN-AI/build2/unit_tests.exe" "--gtest_filter=EdgeCaseTest.DeleteHNSWEntryPoint" "--gtest_also_run_disabled_tests"
Directory: C:/Users/shash/OneDrive/Documents/My own AI/Your-OWN-AI/build2
"EdgeCaseTest.DeleteHNSWEntryPoint" start time: Aug 03 16:02 India Standard Time
Output:
----------------------------------------------------------
Running main() from C:\Users\shash\OneDrive\Documents\My own AI\Your-OWN-AI\build2\_deps\googletest-src\googletest\src\gtest_main.cc
Note: Google Test filter = EdgeCaseTest.DeleteHNSWEntryPoint
[==========] Running 1 test from 1 test suite.
[----------] Global test environment set-up.
[----------] 1 test from EdgeCaseTest
[ RUN      ] EdgeCaseTest.DeleteHNSWEntryPoint
[       OK ] EdgeCaseTest.DeleteHNSWEntryPoint (0 ms)
[----------] 1 test from EdgeCaseTest (0 ms total)

[----------] Global test environment tear-down
[==========] 1 test from 1 test suite ran. (0 ms total)
[  PASSED  ] 1 test.
<end of output>
Test time =   0.01 sec
----------------------------------------------------------
Test Passed.
"EdgeCaseTest.DeleteHNSWEntryPoint" end time: Aug 03 16:02 India Standard Time
"EdgeCaseTest.DeleteHNSWEntryPoint" time elapsed: 00:00:00
----------------------------------------------------------

29/53 Testing: EdgeCaseTest.HNSW_StaleTopLayerDefect
29/53 Test: EdgeCaseTest.HNSW_StaleTopLayerDefect
Command: "C:/Users/shash/OneDrive/Documents/My own AI/Your-OWN-AI/build2/unit_tests.exe" "--gtest_filter=EdgeCaseTest.HNSW_StaleTopLayerDefect" "--gtest_also_run_disabled_tests"
Directory: C:/Users/shash/OneDrive/Documents/My own AI/Your-OWN-AI/build2
"EdgeCaseTest.HNSW_StaleTopLayerDefect" start time: Aug 03 16:02 India Standard Time
Output:
----------------------------------------------------------
Running main() from C:\Users\shash\OneDrive\Documents\My own AI\Your-OWN-AI\build2\_deps\googletest-src\googletest\src\gtest_main.cc
Note: Google Test filter = EdgeCaseTest.HNSW_StaleTopLayerDefect
[==========] Running 1 test from 1 test suite.
[----------] Global test environment set-up.
[----------] 1 test from EdgeCaseTest
[ RUN      ] EdgeCaseTest.HNSW_StaleTopLayerDefect
[       OK ] EdgeCaseTest.HNSW_StaleTopLayerDefect (0 ms)
[----------] 1 test from EdgeCaseTest (0 ms total)

[----------] Global test environment tear-down
[==========] 1 test from 1 test suite ran. (0 ms total)
[  PASSED  ] 1 test.
<end of output>
Test time =   0.02 sec
----------------------------------------------------------
Test Passed.
"EdgeCaseTest.HNSW_StaleTopLayerDefect" end time: Aug 03 16:02 India Standard Time
"EdgeCaseTest.HNSW_StaleTopLayerDefect" time elapsed: 00:00:00
----------------------------------------------------------

30/53 Testing: EdgeCaseTest.HNSW_EntryPointTopLayerDefect
30/53 Test: EdgeCaseTest.HNSW_EntryPointTopLayerDefect
Command: "C:/Users/shash/OneDrive/Documents/My own AI/Your-OWN-AI/build2/unit_tests.exe" "--gtest_filter=EdgeCaseTest.HNSW_EntryPointTopLayerDefect" "--gtest_also_run_disabled_tests"
Directory: C:/Users/shash/OneDrive/Documents/My own AI/Your-OWN-AI/build2
"EdgeCaseTest.HNSW_EntryPointTopLayerDefect" start time: Aug 03 16:02 India Standard Time
Output:
----------------------------------------------------------
Running main() from C:\Users\shash\OneDrive\Documents\My own AI\Your-OWN-AI\build2\_deps\googletest-src\googletest\src\gtest_main.cc
Note: Google Test filter = EdgeCaseTest.HNSW_EntryPointTopLayerDefect
[==========] Running 1 test from 1 test suite.
[----------] Global test environment set-up.
[----------] 1 test from EdgeCaseTest
[ RUN      ] EdgeCaseTest.HNSW_EntryPointTopLayerDefect
[       OK ] EdgeCaseTest.HNSW_EntryPointTopLayerDefect (0 ms)
[----------] 1 test from EdgeCaseTest (0 ms total)

[----------] Global test environment tear-down
[==========] 1 test from 1 test suite ran. (0 ms total)
[  PASSED  ] 1 test.
<end of output>
Test time =   0.02 sec
----------------------------------------------------------
Test Passed.
"EdgeCaseTest.HNSW_EntryPointTopLayerDefect" end time: Aug 03 16:02 India Standard Time
"EdgeCaseTest.HNSW_EntryPointTopLayerDefect" time elapsed: 00:00:00
----------------------------------------------------------

31/53 Testing: EdgeCaseTest.InsertDeleteCycles
31/53 Test: EdgeCaseTest.InsertDeleteCycles
Command: "C:/Users/shash/OneDrive/Documents/My own AI/Your-OWN-AI/build2/unit_tests.exe" "--gtest_filter=EdgeCaseTest.InsertDeleteCycles" "--gtest_also_run_disabled_tests"
Directory: C:/Users/shash/OneDrive/Documents/My own AI/Your-OWN-AI/build2
"EdgeCaseTest.InsertDeleteCycles" start time: Aug 03 16:02 India Standard Time
Output:
----------------------------------------------------------
Running main() from C:\Users\shash\OneDrive\Documents\My own AI\Your-OWN-AI\build2\_deps\googletest-src\googletest\src\gtest_main.cc
Note: Google Test filter = EdgeCaseTest.InsertDeleteCycles
[==========] Running 1 test from 1 test suite.
[----------] Global test environment set-up.
[----------] 1 test from EdgeCaseTest
[ RUN      ] EdgeCaseTest.InsertDeleteCycles
[       OK ] EdgeCaseTest.InsertDeleteCycles (0 ms)
[----------] 1 test from EdgeCaseTest (0 ms total)

[----------] Global test environment tear-down
[==========] 1 test from 1 test suite ran. (0 ms total)
[  PASSED  ] 1 test.
<end of output>
Test time =   0.01 sec
----------------------------------------------------------
Test Passed.
"EdgeCaseTest.InsertDeleteCycles" end time: Aug 03 16:02 India Standard Time
"EdgeCaseTest.InsertDeleteCycles" time elapsed: 00:00:00
----------------------------------------------------------

32/53 Testing: EdgeCaseTest.KLargerThanDataset
32/53 Test: EdgeCaseTest.KLargerThanDataset
Command: "C:/Users/shash/OneDrive/Documents/My own AI/Your-OWN-AI/build2/unit_tests.exe" "--gtest_filter=EdgeCaseTest.KLargerThanDataset" "--gtest_also_run_disabled_tests"
Directory: C:/Users/shash/OneDrive/Documents/My own AI/Your-OWN-AI/build2
"EdgeCaseTest.KLargerThanDataset" start time: Aug 03 16:02 India Standard Time
Output:
----------------------------------------------------------
Running main() from C:\Users\shash\OneDrive\Documents\My own AI\Your-OWN-AI\build2\_deps\googletest-src\googletest\src\gtest_main.cc
Note: Google Test filter = EdgeCaseTest.KLargerThanDataset
[==========] Running 1 test from 1 test suite.
[----------] Global test environment set-up.
[----------] 1 test from EdgeCaseTest
[ RUN      ] EdgeCaseTest.KLargerThanDataset
[       OK ] EdgeCaseTest.KLargerThanDataset (0 ms)
[----------] 1 test from EdgeCaseTest (0 ms total)

[----------] Global test environment tear-down
[==========] 1 test from 1 test suite ran. (0 ms total)
[  PASSED  ] 1 test.
<end of output>
Test time =   0.01 sec
----------------------------------------------------------
Test Passed.
"EdgeCaseTest.KLargerThanDataset" end time: Aug 03 16:02 India Standard Time
"EdgeCaseTest.KLargerThanDataset" time elapsed: 00:00:00
----------------------------------------------------------

33/53 Testing: EdgeCaseTest.InvalidDimensionsAndZeroLength
33/53 Test: EdgeCaseTest.InvalidDimensionsAndZeroLength
Command: "C:/Users/shash/OneDrive/Documents/My own AI/Your-OWN-AI/build2/unit_tests.exe" "--gtest_filter=EdgeCaseTest.InvalidDimensionsAndZeroLength" "--gtest_also_run_disabled_tests"
Directory: C:/Users/shash/OneDrive/Documents/My own AI/Your-OWN-AI/build2
"EdgeCaseTest.InvalidDimensionsAndZeroLength" start time: Aug 03 16:02 India Standard Time
Output:
----------------------------------------------------------
Running main() from C:\Users\shash\OneDrive\Documents\My own AI\Your-OWN-AI\build2\_deps\googletest-src\googletest\src\gtest_main.cc
Note: Google Test filter = EdgeCaseTest.InvalidDimensionsAndZeroLength
[==========] Running 1 test from 1 test suite.
[----------] Global test environment set-up.
[----------] 1 test from EdgeCaseTest
[ RUN      ] EdgeCaseTest.InvalidDimensionsAndZeroLength
[       OK ] EdgeCaseTest.InvalidDimensionsAndZeroLength (0 ms)
[----------] 1 test from EdgeCaseTest (0 ms total)

[----------] Global test environment tear-down
[==========] 1 test from 1 test suite ran. (0 ms total)
[  PASSED  ] 1 test.
<end of output>
Test time =   0.02 sec
----------------------------------------------------------
Test Passed.
"EdgeCaseTest.InvalidDimensionsAndZeroLength" end time: Aug 03 16:02 India Standard Time
"EdgeCaseTest.InvalidDimensionsAndZeroLength" time elapsed: 00:00:00
----------------------------------------------------------

34/53 Testing: EdgeCaseTest.StructuredKDTreeOrder
34/53 Test: EdgeCaseTest.StructuredKDTreeOrder
Command: "C:/Users/shash/OneDrive/Documents/My own AI/Your-OWN-AI/build2/unit_tests.exe" "--gtest_filter=EdgeCaseTest.StructuredKDTreeOrder" "--gtest_also_run_disabled_tests"
Directory: C:/Users/shash/OneDrive/Documents/My own AI/Your-OWN-AI/build2
"EdgeCaseTest.StructuredKDTreeOrder" start time: Aug 03 16:02 India Standard Time
Output:
----------------------------------------------------------
Running main() from C:\Users\shash\OneDrive\Documents\My own AI\Your-OWN-AI\build2\_deps\googletest-src\googletest\src\gtest_main.cc
Note: Google Test filter = EdgeCaseTest.StructuredKDTreeOrder
[==========] Running 1 test from 1 test suite.
[----------] Global test environment set-up.
[----------] 1 test from EdgeCaseTest
[ RUN      ] EdgeCaseTest.StructuredKDTreeOrder
[       OK ] EdgeCaseTest.StructuredKDTreeOrder (0 ms)
[----------] 1 test from EdgeCaseTest (0 ms total)

[----------] Global test environment tear-down
[==========] 1 test from 1 test suite ran. (0 ms total)
[  PASSED  ] 1 test.
<end of output>
Test time =   0.02 sec
----------------------------------------------------------
Test Passed.
"EdgeCaseTest.StructuredKDTreeOrder" end time: Aug 03 16:02 India Standard Time
"EdgeCaseTest.StructuredKDTreeOrder" time elapsed: 00:00:00
----------------------------------------------------------

35/53 Testing: EdgeCaseTest.HNSWGroundTruthComparison
35/53 Test: EdgeCaseTest.HNSWGroundTruthComparison
Command: "C:/Users/shash/OneDrive/Documents/My own AI/Your-OWN-AI/build2/unit_tests.exe" "--gtest_filter=EdgeCaseTest.HNSWGroundTruthComparison" "--gtest_also_run_disabled_tests"
Directory: C:/Users/shash/OneDrive/Documents/My own AI/Your-OWN-AI/build2
"EdgeCaseTest.HNSWGroundTruthComparison" start time: Aug 03 16:02 India Standard Time
Output:
----------------------------------------------------------
Running main() from C:\Users\shash\OneDrive\Documents\My own AI\Your-OWN-AI\build2\_deps\googletest-src\googletest\src\gtest_main.cc
Note: Google Test filter = EdgeCaseTest.HNSWGroundTruthComparison
[==========] Running 1 test from 1 test suite.
[----------] Global test environment set-up.
[----------] 1 test from EdgeCaseTest
[ RUN      ] EdgeCaseTest.HNSWGroundTruthComparison
[       OK ] EdgeCaseTest.HNSWGroundTruthComparison (2 ms)
[----------] 1 test from EdgeCaseTest (2 ms total)

[----------] Global test environment tear-down
[==========] 1 test from 1 test suite ran. (2 ms total)
[  PASSED  ] 1 test.
<end of output>
Test time =   0.02 sec
----------------------------------------------------------
Test Passed.
"EdgeCaseTest.HNSWGroundTruthComparison" end time: Aug 03 16:02 India Standard Time
"EdgeCaseTest.HNSWGroundTruthComparison" time elapsed: 00:00:00
----------------------------------------------------------

36/53 Testing: HNSWTest.InsertAndBasicSearch
36/53 Test: HNSWTest.InsertAndBasicSearch
Command: "C:/Users/shash/OneDrive/Documents/My own AI/Your-OWN-AI/build2/unit_tests.exe" "--gtest_filter=HNSWTest.InsertAndBasicSearch" "--gtest_also_run_disabled_tests"
Directory: C:/Users/shash/OneDrive/Documents/My own AI/Your-OWN-AI/build2
"HNSWTest.InsertAndBasicSearch" start time: Aug 03 16:02 India Standard Time
Output:
----------------------------------------------------------
Running main() from C:\Users\shash\OneDrive\Documents\My own AI\Your-OWN-AI\build2\_deps\googletest-src\googletest\src\gtest_main.cc
Note: Google Test filter = HNSWTest.InsertAndBasicSearch
[==========] Running 1 test from 1 test suite.
[----------] Global test environment set-up.
[----------] 1 test from HNSWTest
[ RUN      ] HNSWTest.InsertAndBasicSearch
[       OK ] HNSWTest.InsertAndBasicSearch (0 ms)
[----------] 1 test from HNSWTest (0 ms total)

[----------] Global test environment tear-down
[==========] 1 test from 1 test suite ran. (0 ms total)
[  PASSED  ] 1 test.
<end of output>
Test time =   0.03 sec
----------------------------------------------------------
Test Passed.
"HNSWTest.InsertAndBasicSearch" end time: Aug 03 16:02 India Standard Time
"HNSWTest.InsertAndBasicSearch" time elapsed: 00:00:00
----------------------------------------------------------

37/53 Testing: HNSWTest.GraphInfo
37/53 Test: HNSWTest.GraphInfo
Command: "C:/Users/shash/OneDrive/Documents/My own AI/Your-OWN-AI/build2/unit_tests.exe" "--gtest_filter=HNSWTest.GraphInfo" "--gtest_also_run_disabled_tests"
Directory: C:/Users/shash/OneDrive/Documents/My own AI/Your-OWN-AI/build2
"HNSWTest.GraphInfo" start time: Aug 03 16:02 India Standard Time
Output:
----------------------------------------------------------
Running main() from C:\Users\shash\OneDrive\Documents\My own AI\Your-OWN-AI\build2\_deps\googletest-src\googletest\src\gtest_main.cc
Note: Google Test filter = HNSWTest.GraphInfo
[==========] Running 1 test from 1 test suite.
[----------] Global test environment set-up.
[----------] 1 test from HNSWTest
[ RUN      ] HNSWTest.GraphInfo
[       OK ] HNSWTest.GraphInfo (0 ms)
[----------] 1 test from HNSWTest (0 ms total)

[----------] Global test environment tear-down
[==========] 1 test from 1 test suite ran. (0 ms total)
[  PASSED  ] 1 test.
<end of output>
Test time =   0.02 sec
----------------------------------------------------------
Test Passed.
"HNSWTest.GraphInfo" end time: Aug 03 16:02 India Standard Time
"HNSWTest.GraphInfo" time elapsed: 00:00:00
----------------------------------------------------------

38/53 Testing: HNSWTest.RemoveNode
38/53 Test: HNSWTest.RemoveNode
Command: "C:/Users/shash/OneDrive/Documents/My own AI/Your-OWN-AI/build2/unit_tests.exe" "--gtest_filter=HNSWTest.RemoveNode" "--gtest_also_run_disabled_tests"
Directory: C:/Users/shash/OneDrive/Documents/My own AI/Your-OWN-AI/build2
"HNSWTest.RemoveNode" start time: Aug 03 16:02 India Standard Time
Output:
----------------------------------------------------------
Running main() from C:\Users\shash\OneDrive\Documents\My own AI\Your-OWN-AI\build2\_deps\googletest-src\googletest\src\gtest_main.cc
Note: Google Test filter = HNSWTest.RemoveNode
[==========] Running 1 test from 1 test suite.
[----------] Global test environment set-up.
[----------] 1 test from HNSWTest
[ RUN      ] HNSWTest.RemoveNode
[       OK ] HNSWTest.RemoveNode (0 ms)
[----------] 1 test from HNSWTest (0 ms total)

[----------] Global test environment tear-down
[==========] 1 test from 1 test suite ran. (0 ms total)
[  PASSED  ] 1 test.
<end of output>
Test time =   0.02 sec
----------------------------------------------------------
Test Passed.
"HNSWTest.RemoveNode" end time: Aug 03 16:02 India Standard Time
"HNSWTest.RemoveNode" time elapsed: 00:00:00
----------------------------------------------------------

39/53 Testing: HNSWTest.DeleteAllNodes
39/53 Test: HNSWTest.DeleteAllNodes
Command: "C:/Users/shash/OneDrive/Documents/My own AI/Your-OWN-AI/build2/unit_tests.exe" "--gtest_filter=HNSWTest.DeleteAllNodes" "--gtest_also_run_disabled_tests"
Directory: C:/Users/shash/OneDrive/Documents/My own AI/Your-OWN-AI/build2
"HNSWTest.DeleteAllNodes" start time: Aug 03 16:02 India Standard Time
Output:
----------------------------------------------------------
Running main() from C:\Users\shash\OneDrive\Documents\My own AI\Your-OWN-AI\build2\_deps\googletest-src\googletest\src\gtest_main.cc
Note: Google Test filter = HNSWTest.DeleteAllNodes
[==========] Running 1 test from 1 test suite.
[----------] Global test environment set-up.
[----------] 1 test from HNSWTest
[ RUN      ] HNSWTest.DeleteAllNodes
[       OK ] HNSWTest.DeleteAllNodes (0 ms)
[----------] 1 test from HNSWTest (0 ms total)

[----------] Global test environment tear-down
[==========] 1 test from 1 test suite ran. (0 ms total)
[  PASSED  ] 1 test.
<end of output>
Test time =   0.02 sec
----------------------------------------------------------
Test Passed.
"HNSWTest.DeleteAllNodes" end time: Aug 03 16:02 India Standard Time
"HNSWTest.DeleteAllNodes" time elapsed: 00:00:00
----------------------------------------------------------

40/53 Testing: HNSWTest.MutationGroundTruthComparison
40/53 Test: HNSWTest.MutationGroundTruthComparison
Command: "C:/Users/shash/OneDrive/Documents/My own AI/Your-OWN-AI/build2/unit_tests.exe" "--gtest_filter=HNSWTest.MutationGroundTruthComparison" "--gtest_also_run_disabled_tests"
Directory: C:/Users/shash/OneDrive/Documents/My own AI/Your-OWN-AI/build2
"HNSWTest.MutationGroundTruthComparison" start time: Aug 03 16:02 India Standard Time
Output:
----------------------------------------------------------
Running main() from C:\Users\shash\OneDrive\Documents\My own AI\Your-OWN-AI\build2\_deps\googletest-src\googletest\src\gtest_main.cc
Note: Google Test filter = HNSWTest.MutationGroundTruthComparison
[==========] Running 1 test from 1 test suite.
[----------] Global test environment set-up.
[----------] 1 test from HNSWTest
[ RUN      ] HNSWTest.MutationGroundTruthComparison
[       OK ] HNSWTest.MutationGroundTruthComparison (2 ms)
[----------] 1 test from HNSWTest (2 ms total)

[----------] Global test environment tear-down
[==========] 1 test from 1 test suite ran. (2 ms total)
[  PASSED  ] 1 test.
<end of output>
Test time =   0.01 sec
----------------------------------------------------------
Test Passed.
"HNSWTest.MutationGroundTruthComparison" end time: Aug 03 16:02 India Standard Time
"HNSWTest.MutationGroundTruthComparison" time elapsed: 00:00:00
----------------------------------------------------------

41/53 Testing: KDTreeTest.InsertAndSearch
41/53 Test: KDTreeTest.InsertAndSearch
Command: "C:/Users/shash/OneDrive/Documents/My own AI/Your-OWN-AI/build2/unit_tests.exe" "--gtest_filter=KDTreeTest.InsertAndSearch" "--gtest_also_run_disabled_tests"
Directory: C:/Users/shash/OneDrive/Documents/My own AI/Your-OWN-AI/build2
"KDTreeTest.InsertAndSearch" start time: Aug 03 16:02 India Standard Time
Output:
----------------------------------------------------------
Running main() from C:\Users\shash\OneDrive\Documents\My own AI\Your-OWN-AI\build2\_deps\googletest-src\googletest\src\gtest_main.cc
Note: Google Test filter = KDTreeTest.InsertAndSearch
[==========] Running 1 test from 1 test suite.
[----------] Global test environment set-up.
[----------] 1 test from KDTreeTest
[ RUN      ] KDTreeTest.InsertAndSearch
[       OK ] KDTreeTest.InsertAndSearch (0 ms)
[----------] 1 test from KDTreeTest (0 ms total)

[----------] Global test environment tear-down
[==========] 1 test from 1 test suite ran. (0 ms total)
[  PASSED  ] 1 test.
<end of output>
Test time =   0.01 sec
----------------------------------------------------------
Test Passed.
"KDTreeTest.InsertAndSearch" end time: Aug 03 16:02 India Standard Time
"KDTreeTest.InsertAndSearch" time elapsed: 00:00:00
----------------------------------------------------------

42/53 Testing: KDTreeTest.Rebuild
42/53 Test: KDTreeTest.Rebuild
Command: "C:/Users/shash/OneDrive/Documents/My own AI/Your-OWN-AI/build2/unit_tests.exe" "--gtest_filter=KDTreeTest.Rebuild" "--gtest_also_run_disabled_tests"
Directory: C:/Users/shash/OneDrive/Documents/My own AI/Your-OWN-AI/build2
"KDTreeTest.Rebuild" start time: Aug 03 16:02 India Standard Time
Output:
----------------------------------------------------------
Running main() from C:\Users\shash\OneDrive\Documents\My own AI\Your-OWN-AI\build2\_deps\googletest-src\googletest\src\gtest_main.cc
Note: Google Test filter = KDTreeTest.Rebuild
[==========] Running 1 test from 1 test suite.
[----------] Global test environment set-up.
[----------] 1 test from KDTreeTest
[ RUN      ] KDTreeTest.Rebuild
[       OK ] KDTreeTest.Rebuild (0 ms)
[----------] 1 test from KDTreeTest (0 ms total)

[----------] Global test environment tear-down
[==========] 1 test from 1 test suite ran. (0 ms total)
[  PASSED  ] 1 test.
<end of output>
Test time =   0.01 sec
----------------------------------------------------------
Test Passed.
"KDTreeTest.Rebuild" end time: Aug 03 16:02 India Standard Time
"KDTreeTest.Rebuild" time elapsed: 00:00:00
----------------------------------------------------------

43/53 Testing: BruteForceTest.InsertAndSearch
43/53 Test: BruteForceTest.InsertAndSearch
Command: "C:/Users/shash/OneDrive/Documents/My own AI/Your-OWN-AI/build2/unit_tests.exe" "--gtest_filter=BruteForceTest.InsertAndSearch" "--gtest_also_run_disabled_tests"
Directory: C:/Users/shash/OneDrive/Documents/My own AI/Your-OWN-AI/build2
"BruteForceTest.InsertAndSearch" start time: Aug 03 16:02 India Standard Time
Output:
----------------------------------------------------------
Running main() from C:\Users\shash\OneDrive\Documents\My own AI\Your-OWN-AI\build2\_deps\googletest-src\googletest\src\gtest_main.cc
Note: Google Test filter = BruteForceTest.InsertAndSearch
[==========] Running 1 test from 1 test suite.
[----------] Global test environment set-up.
[----------] 1 test from BruteForceTest
[ RUN      ] BruteForceTest.InsertAndSearch
[       OK ] BruteForceTest.InsertAndSearch (0 ms)
[----------] 1 test from BruteForceTest (0 ms total)

[----------] Global test environment tear-down
[==========] 1 test from 1 test suite ran. (0 ms total)
[  PASSED  ] 1 test.
<end of output>
Test time =   0.02 sec
----------------------------------------------------------
Test Passed.
"BruteForceTest.InsertAndSearch" end time: Aug 03 16:02 India Standard Time
"BruteForceTest.InsertAndSearch" time elapsed: 00:00:00
----------------------------------------------------------

44/53 Testing: BruteForceTest.RemoveItem
44/53 Test: BruteForceTest.RemoveItem
Command: "C:/Users/shash/OneDrive/Documents/My own AI/Your-OWN-AI/build2/unit_tests.exe" "--gtest_filter=BruteForceTest.RemoveItem" "--gtest_also_run_disabled_tests"
Directory: C:/Users/shash/OneDrive/Documents/My own AI/Your-OWN-AI/build2
"BruteForceTest.RemoveItem" start time: Aug 03 16:02 India Standard Time
Output:
----------------------------------------------------------
Running main() from C:\Users\shash\OneDrive\Documents\My own AI\Your-OWN-AI\build2\_deps\googletest-src\googletest\src\gtest_main.cc
Note: Google Test filter = BruteForceTest.RemoveItem
[==========] Running 1 test from 1 test suite.
[----------] Global test environment set-up.
[----------] 1 test from BruteForceTest
[ RUN      ] BruteForceTest.RemoveItem
[       OK ] BruteForceTest.RemoveItem (0 ms)
[----------] 1 test from BruteForceTest (0 ms total)

[----------] Global test environment tear-down
[==========] 1 test from 1 test suite ran. (0 ms total)
[  PASSED  ] 1 test.
<end of output>
Test time =   0.01 sec
----------------------------------------------------------
Test Passed.
"BruteForceTest.RemoveItem" end time: Aug 03 16:02 India Standard Time
"BruteForceTest.RemoveItem" time elapsed: 00:00:00
----------------------------------------------------------

45/53 Testing: DistanceTest.EuclideanMetric
45/53 Test: DistanceTest.EuclideanMetric
Command: "C:/Users/shash/OneDrive/Documents/My own AI/Your-OWN-AI/build2/unit_tests.exe" "--gtest_filter=DistanceTest.EuclideanMetric" "--gtest_also_run_disabled_tests"
Directory: C:/Users/shash/OneDrive/Documents/My own AI/Your-OWN-AI/build2
"DistanceTest.EuclideanMetric" start time: Aug 03 16:02 India Standard Time
Output:
----------------------------------------------------------
Running main() from C:\Users\shash\OneDrive\Documents\My own AI\Your-OWN-AI\build2\_deps\googletest-src\googletest\src\gtest_main.cc
Note: Google Test filter = DistanceTest.EuclideanMetric
[==========] Running 1 test from 1 test suite.
[----------] Global test environment set-up.
[----------] 1 test from DistanceTest
[ RUN      ] DistanceTest.EuclideanMetric
[       OK ] DistanceTest.EuclideanMetric (0 ms)
[----------] 1 test from DistanceTest (0 ms total)

[----------] Global test environment tear-down
[==========] 1 test from 1 test suite ran. (0 ms total)
[  PASSED  ] 1 test.
<end of output>
Test time =   0.01 sec
----------------------------------------------------------
Test Passed.
"DistanceTest.EuclideanMetric" end time: Aug 03 16:02 India Standard Time
"DistanceTest.EuclideanMetric" time elapsed: 00:00:00
----------------------------------------------------------

46/53 Testing: DistanceTest.CosineMetricIdentical
46/53 Test: DistanceTest.CosineMetricIdentical
Command: "C:/Users/shash/OneDrive/Documents/My own AI/Your-OWN-AI/build2/unit_tests.exe" "--gtest_filter=DistanceTest.CosineMetricIdentical" "--gtest_also_run_disabled_tests"
Directory: C:/Users/shash/OneDrive/Documents/My own AI/Your-OWN-AI/build2
"DistanceTest.CosineMetricIdentical" start time: Aug 03 16:02 India Standard Time
Output:
----------------------------------------------------------
Running main() from C:\Users\shash\OneDrive\Documents\My own AI\Your-OWN-AI\build2\_deps\googletest-src\googletest\src\gtest_main.cc
Note: Google Test filter = DistanceTest.CosineMetricIdentical
[==========] Running 1 test from 1 test suite.
[----------] Global test environment set-up.
[----------] 1 test from DistanceTest
[ RUN      ] DistanceTest.CosineMetricIdentical
[       OK ] DistanceTest.CosineMetricIdentical (0 ms)
[----------] 1 test from DistanceTest (0 ms total)

[----------] Global test environment tear-down
[==========] 1 test from 1 test suite ran. (0 ms total)
[  PASSED  ] 1 test.
<end of output>
Test time =   0.01 sec
----------------------------------------------------------
Test Passed.
"DistanceTest.CosineMetricIdentical" end time: Aug 03 16:02 India Standard Time
"DistanceTest.CosineMetricIdentical" time elapsed: 00:00:00
----------------------------------------------------------

47/53 Testing: DistanceTest.CosineMetricOrthogonal
47/53 Test: DistanceTest.CosineMetricOrthogonal
Command: "C:/Users/shash/OneDrive/Documents/My own AI/Your-OWN-AI/build2/unit_tests.exe" "--gtest_filter=DistanceTest.CosineMetricOrthogonal" "--gtest_also_run_disabled_tests"
Directory: C:/Users/shash/OneDrive/Documents/My own AI/Your-OWN-AI/build2
"DistanceTest.CosineMetricOrthogonal" start time: Aug 03 16:02 India Standard Time
Output:
----------------------------------------------------------
Running main() from C:\Users\shash\OneDrive\Documents\My own AI\Your-OWN-AI\build2\_deps\googletest-src\googletest\src\gtest_main.cc
Note: Google Test filter = DistanceTest.CosineMetricOrthogonal
[==========] Running 1 test from 1 test suite.
[----------] Global test environment set-up.
[----------] 1 test from DistanceTest
[ RUN      ] DistanceTest.CosineMetricOrthogonal
[       OK ] DistanceTest.CosineMetricOrthogonal (0 ms)
[----------] 1 test from DistanceTest (0 ms total)

[----------] Global test environment tear-down
[==========] 1 test from 1 test suite ran. (0 ms total)
[  PASSED  ] 1 test.
<end of output>
Test time =   0.02 sec
----------------------------------------------------------
Test Passed.
"DistanceTest.CosineMetricOrthogonal" end time: Aug 03 16:02 India Standard Time
"DistanceTest.CosineMetricOrthogonal" time elapsed: 00:00:00
----------------------------------------------------------

48/53 Testing: DistanceTest.CosineMetricOpposite
48/53 Test: DistanceTest.CosineMetricOpposite
Command: "C:/Users/shash/OneDrive/Documents/My own AI/Your-OWN-AI/build2/unit_tests.exe" "--gtest_filter=DistanceTest.CosineMetricOpposite" "--gtest_also_run_disabled_tests"
Directory: C:/Users/shash/OneDrive/Documents/My own AI/Your-OWN-AI/build2
"DistanceTest.CosineMetricOpposite" start time: Aug 03 16:02 India Standard Time
Output:
----------------------------------------------------------
Running main() from C:\Users\shash\OneDrive\Documents\My own AI\Your-OWN-AI\build2\_deps\googletest-src\googletest\src\gtest_main.cc
Note: Google Test filter = DistanceTest.CosineMetricOpposite
[==========] Running 1 test from 1 test suite.
[----------] Global test environment set-up.
[----------] 1 test from DistanceTest
[ RUN      ] DistanceTest.CosineMetricOpposite
[       OK ] DistanceTest.CosineMetricOpposite (0 ms)
[----------] 1 test from DistanceTest (0 ms total)

[----------] Global test environment tear-down
[==========] 1 test from 1 test suite ran. (0 ms total)
[  PASSED  ] 1 test.
<end of output>
Test time =   0.02 sec
----------------------------------------------------------
Test Passed.
"DistanceTest.CosineMetricOpposite" end time: Aug 03 16:02 India Standard Time
"DistanceTest.CosineMetricOpposite" time elapsed: 00:00:00
----------------------------------------------------------

49/53 Testing: DistanceTest.ManhattanMetric
49/53 Test: DistanceTest.ManhattanMetric
Command: "C:/Users/shash/OneDrive/Documents/My own AI/Your-OWN-AI/build2/unit_tests.exe" "--gtest_filter=DistanceTest.ManhattanMetric" "--gtest_also_run_disabled_tests"
Directory: C:/Users/shash/OneDrive/Documents/My own AI/Your-OWN-AI/build2
"DistanceTest.ManhattanMetric" start time: Aug 03 16:02 India Standard Time
Output:
----------------------------------------------------------
Running main() from C:\Users\shash\OneDrive\Documents\My own AI\Your-OWN-AI\build2\_deps\googletest-src\googletest\src\gtest_main.cc
Note: Google Test filter = DistanceTest.ManhattanMetric
[==========] Running 1 test from 1 test suite.
[----------] Global test environment set-up.
[----------] 1 test from DistanceTest
[ RUN      ] DistanceTest.ManhattanMetric
[       OK ] DistanceTest.ManhattanMetric (0 ms)
[----------] 1 test from DistanceTest (0 ms total)

[----------] Global test environment tear-down
[==========] 1 test from 1 test suite ran. (0 ms total)
[  PASSED  ] 1 test.
<end of output>
Test time =   0.02 sec
----------------------------------------------------------
Test Passed.
"DistanceTest.ManhattanMetric" end time: Aug 03 16:02 India Standard Time
"DistanceTest.ManhattanMetric" time elapsed: 00:00:00
----------------------------------------------------------

50/53 Testing: DistanceTest.EmptyVectors
50/53 Test: DistanceTest.EmptyVectors
Command: "C:/Users/shash/OneDrive/Documents/My own AI/Your-OWN-AI/build2/unit_tests.exe" "--gtest_filter=DistanceTest.EmptyVectors" "--gtest_also_run_disabled_tests"
Directory: C:/Users/shash/OneDrive/Documents/My own AI/Your-OWN-AI/build2
"DistanceTest.EmptyVectors" start time: Aug 03 16:02 India Standard Time
Output:
----------------------------------------------------------
Running main() from C:\Users\shash\OneDrive\Documents\My own AI\Your-OWN-AI\build2\_deps\googletest-src\googletest\src\gtest_main.cc
Note: Google Test filter = DistanceTest.EmptyVectors
[==========] Running 1 test from 1 test suite.
[----------] Global test environment set-up.
[----------] 1 test from DistanceTest
[ RUN      ] DistanceTest.EmptyVectors
[       OK ] DistanceTest.EmptyVectors (0 ms)
[----------] 1 test from DistanceTest (0 ms total)

[----------] Global test environment tear-down
[==========] 1 test from 1 test suite ran. (0 ms total)
[  PASSED  ] 1 test.
<end of output>
Test time =   0.02 sec
----------------------------------------------------------
Test Passed.
"DistanceTest.EmptyVectors" end time: Aug 03 16:02 India Standard Time
"DistanceTest.EmptyVectors" time elapsed: 00:00:00
----------------------------------------------------------

51/53 Testing: DistanceTest.ZeroNormVector
51/53 Test: DistanceTest.ZeroNormVector
Command: "C:/Users/shash/OneDrive/Documents/My own AI/Your-OWN-AI/build2/unit_tests.exe" "--gtest_filter=DistanceTest.ZeroNormVector" "--gtest_also_run_disabled_tests"
Directory: C:/Users/shash/OneDrive/Documents/My own AI/Your-OWN-AI/build2
"DistanceTest.ZeroNormVector" start time: Aug 03 16:02 India Standard Time
Output:
----------------------------------------------------------
Running main() from C:\Users\shash\OneDrive\Documents\My own AI\Your-OWN-AI\build2\_deps\googletest-src\googletest\src\gtest_main.cc
Note: Google Test filter = DistanceTest.ZeroNormVector
[==========] Running 1 test from 1 test suite.
[----------] Global test environment set-up.
[----------] 1 test from DistanceTest
[ RUN      ] DistanceTest.ZeroNormVector
[       OK ] DistanceTest.ZeroNormVector (0 ms)
[----------] 1 test from DistanceTest (0 ms total)

[----------] Global test environment tear-down
[==========] 1 test from 1 test suite ran. (0 ms total)
[  PASSED  ] 1 test.
<end of output>
Test time =   0.02 sec
----------------------------------------------------------
Test Passed.
"DistanceTest.ZeroNormVector" end time: Aug 03 16:02 India Standard Time
"DistanceTest.ZeroNormVector" time elapsed: 00:00:00
----------------------------------------------------------

52/53 Testing: DistanceTest.MetricFactory
52/53 Test: DistanceTest.MetricFactory
Command: "C:/Users/shash/OneDrive/Documents/My own AI/Your-OWN-AI/build2/unit_tests.exe" "--gtest_filter=DistanceTest.MetricFactory" "--gtest_also_run_disabled_tests"
Directory: C:/Users/shash/OneDrive/Documents/My own AI/Your-OWN-AI/build2
"DistanceTest.MetricFactory" start time: Aug 03 16:02 India Standard Time
Output:
----------------------------------------------------------
Running main() from C:\Users\shash\OneDrive\Documents\My own AI\Your-OWN-AI\build2\_deps\googletest-src\googletest\src\gtest_main.cc
Note: Google Test filter = DistanceTest.MetricFactory
[==========] Running 1 test from 1 test suite.
[----------] Global test environment set-up.
[----------] 1 test from DistanceTest
[ RUN      ] DistanceTest.MetricFactory
[       OK ] DistanceTest.MetricFactory (0 ms)
[----------] 1 test from DistanceTest (0 ms total)

[----------] Global test environment tear-down
[==========] 1 test from 1 test suite ran. (0 ms total)
[  PASSED  ] 1 test.
<end of output>
Test time =   0.02 sec
----------------------------------------------------------
Test Passed.
"DistanceTest.MetricFactory" end time: Aug 03 16:02 India Standard Time
"DistanceTest.MetricFactory" time elapsed: 00:00:00
----------------------------------------------------------

53/53 Testing: DistanceTest.NumericalEquivalence
53/53 Test: DistanceTest.NumericalEquivalence
Command: "C:/Users/shash/OneDrive/Documents/My own AI/Your-OWN-AI/build2/unit_tests.exe" "--gtest_filter=DistanceTest.NumericalEquivalence" "--gtest_also_run_disabled_tests"
Directory: C:/Users/shash/OneDrive/Documents/My own AI/Your-OWN-AI/build2
"DistanceTest.NumericalEquivalence" start time: Aug 03 16:02 India Standard Time
Output:
----------------------------------------------------------
Running main() from C:\Users\shash\OneDrive\Documents\My own AI\Your-OWN-AI\build2\_deps\googletest-src\googletest\src\gtest_main.cc
Note: Google Test filter = DistanceTest.NumericalEquivalence
[==========] Running 1 test from 1 test suite.
[----------] Global test environment set-up.
[----------] 1 test from DistanceTest
[ RUN      ] DistanceTest.NumericalEquivalence
[       OK ] DistanceTest.NumericalEquivalence (0 ms)
[----------] 1 test from DistanceTest (0 ms total)

[----------] Global test environment tear-down
[==========] 1 test from 1 test suite ran. (0 ms total)
[  PASSED  ] 1 test.
<end of output>
Test time =   0.02 sec
----------------------------------------------------------
Test Passed.
"DistanceTest.NumericalEquivalence" end time: Aug 03 16:02 India Standard Time
"DistanceTest.NumericalEquivalence" time elapsed: 00:00:00
----------------------------------------------------------

End testing: Aug 03 16:02 India Standard Time
