{"C:\\Users\\shash\\OneDrive\\Documents\\My own AI\\Your-OWN-AI\\apps\\api\\src\\app.ts": {"path":"C:\\Users\\shash\\OneDrive\\Documents\\My own AI\\Your-OWN-AI\\apps\\api\\src\\app.ts","all":false,"statementMap":{"0":{"start":{"line":1,"column":0},"end":{"line":1,"column":43}},"1":{"start":{"line":2,"column":0},"end":{"line":2,"column":24}},"2":{"start":{"line":3,"column":0},"end":{"line":3,"column":28}},"3":{"start":{"line":4,"column":0},"end":{"line":4,"column":38}},"4":{"start":{"line":5,"column":0},"end":{"line":5,"column":59}},"5":{"start":{"line":6,"column":0},"end":{"line":6,"column":61}},"6":{"start":{"line":7,"column":0},"end":{"line":7,"column":61}},"7":{"start":{"line":8,"column":0},"end":{"line":8,"column":57}},"8":{"start":{"line":9,"column":0},"end":{"line":9,"column":54}},"9":{"start":{"line":10,"column":0},"end":{"line":10,"column":50}},"10":{"start":{"line":11,"column":0},"end":{"line":11,"column":58}},"11":{"start":{"line":12,"column":0},"end":{"line":12,"column":54}},"12":{"start":{"line":13,"column":0},"end":{"line":13,"column":50}},"13":{"start":{"line":14,"column":0},"end":{"line":14,"column":52}},"14":{"start":{"line":15,"column":0},"end":{"line":15,"column":50}},"15":{"start":{"line":16,"column":0},"end":{"line":16,"column":0}},"16":{"start":{"line":17,"column":0},"end":{"line":17,"column":38}},"17":{"start":{"line":18,"column":0},"end":{"line":18,"column":0}},"18":{"start":{"line":19,"column":0},"end":{"line":19,"column":18}},"19":{"start":{"line":20,"column":0},"end":{"line":20,"column":8}},"20":{"start":{"line":21,"column":0},"end":{"line":21,"column":8}},"21":{"start":{"line":22,"column":0},"end":{"line":22,"column":35}},"22":{"start":{"line":23,"column":0},"end":{"line":23,"column":62}},"23":{"start":{"line":24,"column":0},"end":{"line":24,"column":29}},"24":{"start":{"line":25,"column":0},"end":{"line":25,"column":14}},"25":{"start":{"line":26,"column":0},"end":{"line":26,"column":63}},"26":{"start":{"line":27,"column":0},"end":{"line":27,"column":7}},"27":{"start":{"line":28,"column":0},"end":{"line":28,"column":6}},"28":{"start":{"line":29,"column":0},"end":{"line":29,"column":5}},"29":{"start":{"line":30,"column":0},"end":{"line":30,"column":2}},"30":{"start":{"line":31,"column":0},"end":{"line":31,"column":58}},"31":{"start":{"line":32,"column":0},"end":{"line":32,"column":24}},"32":{"start":{"line":33,"column":0},"end":{"line":33,"column":23}},"33":{"start":{"line":34,"column":0},"end":{"line":34,"column":0}},"34":{"start":{"line":35,"column":0},"end":{"line":35,"column":22}},"35":{"start":{"line":36,"column":0},"end":{"line":36,"column":29}},"36":{"start":{"line":37,"column":0},"end":{"line":37,"column":33}},"37":{"start":{"line":38,"column":0},"end":{"line":38,"column":0}},"38":{"start":{"line":39,"column":0},"end":{"line":39,"column":53}},"39":{"start":{"line":40,"column":0},"end":{"line":40,"column":32}},"40":{"start":{"line":41,"column":0},"end":{"line":41,"column":42}},"41":{"start":{"line":42,"column":0},"end":{"line":42,"column":37}},"42":{"start":{"line":43,"column":0},"end":{"line":43,"column":33}},"43":{"start":{"line":44,"column":0},"end":{"line":44,"column":35}},"44":{"start":{"line":45,"column":0},"end":{"line":45,"column":0}},"45":{"start":{"line":46,"column":0},"end":{"line":46,"column":22}}},"s":{"0":1,"1":1,"2":1,"3":1,"4":1,"5":1,"6":1,"7":1,"8":1,"9":1,"10":1,"11":1,"12":1,"13":1,"14":1,"15":1,"16":1,"17":1,"18":1,"19":1,"20":1,"21":1,"22":107,"23":106,"24":107,"25":1,"26":1,"27":107,"28":1,"29":1,"30":1,"31":1,"32":1,"33":1,"34":1,"35":1,"36":1,"37":1,"38":1,"39":1,"40":1,"41":1,"42":1,"43":1,"44":1,"45":1},"branchMap":{"0":{"type":"branch","line":22,"loc":{"start":{"line":22,"column":12},"end":{"line":28,"column":6}},"locations":[{"start":{"line":22,"column":12},"end":{"line":28,"column":6}}]},"1":{"type":"branch","line":23,"loc":{"start":{"line":23,"column":11},"end":{"line":23,"column":61}},"locations":[{"start":{"line":23,"column":11},"end":{"line":23,"column":61}}]},"2":{"type":"branch","line":23,"loc":{"start":{"line":23,"column":61},"end":{"line":25,"column":13}},"locations":[{"start":{"line":23,"column":61},"end":{"line":25,"column":13}}]},"3":{"type":"branch","line":25,"loc":{"start":{"line":25,"column":6},"end":{"line":27,"column":7}},"locations":[{"start":{"line":25,"column":6},"end":{"line":27,"column":7}}]}},"b":{"0":[107],"1":[1],"2":[106],"3":[1]},"fnMap":{"0":{"name":"origin","decl":{"start":{"line":22,"column":12},"end":{"line":28,"column":6}},"loc":{"start":{"line":22,"column":12},"end":{"line":28,"column":6}},"line":22}},"f":{"0":107}}
,"C:\\Users\\shash\\OneDrive\\Documents\\My own AI\\Your-OWN-AI\\apps\\api\\src\\index.ts": {"path":"C:\\Users\\shash\\OneDrive\\Documents\\My own AI\\Your-OWN-AI\\apps\\api\\src\\index.ts","all":true,"statementMap":{"0":{"start":{"line":1,"column":0},"end":{"line":1,"column":28}},"1":{"start":{"line":2,"column":0},"end":{"line":2,"column":38}},"2":{"start":{"line":3,"column":0},"end":{"line":3,"column":0}},"3":{"start":{"line":4,"column":0},"end":{"line":4,"column":46}},"4":{"start":{"line":5,"column":0},"end":{"line":5,"column":91}},"5":{"start":{"line":6,"column":0},"end":{"line":6,"column":60}},"6":{"start":{"line":7,"column":0},"end":{"line":7,"column":57}},"7":{"start":{"line":8,"column":0},"end":{"line":8,"column":3}},"8":{"start":{"line":9,"column":0},"end":{"line":9,"column":0}},"9":{"start":{"line":10,"column":0},"end":{"line":10,"column":43}},"10":{"start":{"line":11,"column":0},"end":{"line":11,"column":65}},"11":{"start":{"line":12,"column":0},"end":{"line":12,"column":22}},"12":{"start":{"line":13,"column":0},"end":{"line":13,"column":56}},"13":{"start":{"line":14,"column":0},"end":{"line":14,"column":20}},"14":{"start":{"line":15,"column":0},"end":{"line":15,"column":5}},"15":{"start":{"line":16,"column":0},"end":{"line":16,"column":0}},"16":{"start":{"line":17,"column":0},"end":{"line":17,"column":20}},"17":{"start":{"line":18,"column":0},"end":{"line":18,"column":53}},"18":{"start":{"line":19,"column":0},"end":{"line":19,"column":20}},"19":{"start":{"line":20,"column":0},"end":{"line":20,"column":12}},"20":{"start":{"line":21,"column":0},"end":{"line":21,"column":1}},"21":{"start":{"line":22,"column":0},"end":{"line":22,"column":0}},"22":{"start":{"line":23,"column":0},"end":{"line":23,"column":57}},"23":{"start":{"line":24,"column":0},"end":{"line":24,"column":55}}},"s":{"0":0,"1":0,"2":0,"3":0,"4":0,"5":0,"6":0,"7":0,"8":0,"9":0,"10":0,"11":0,"12":0,"13":0,"14":0,"15":0,"16":0,"17":0,"18":0,"19":0,"20":0,"21":0,"22":0,"23":0},"branchMap":{"0":{"type":"branch","line":1,"loc":{"start":{"line":1,"column":0},"end":{"line":24,"column":-201}},"locations":[{"start":{"line":1,"column":0},"end":{"line":24,"column":-201}}]}},"b":{"0":[0]},"fnMap":{"0":{"name":"(empty-report)","decl":{"start":{"line":1,"column":0},"end":{"line":24,"column":-201}},"loc":{"start":{"line":1,"column":0},"end":{"line":24,"column":-201}},"line":1}},"f":{"0":0}}
,"C:\\Users\\shash\\OneDrive\\Documents\\My own AI\\Your-OWN-AI\\apps\\api\\src\\clients\\ollama.client.ts": {"path":"C:\\Users\\shash\\OneDrive\\Documents\\My own AI\\Your-OWN-AI\\apps\\api\\src\\clients\\ollama.client.ts","all":false,"statementMap":{"0":{"start":{"line":1,"column":0},"end":{"line":1,"column":39}},"1":{"start":{"line":2,"column":0},"end":{"line":2,"column":8}},"2":{"start":{"line":3,"column":0},"end":{"line":3,"column":14}},"3":{"start":{"line":4,"column":0},"end":{"line":4,"column":25}},"4":{"start":{"line":5,"column":0},"end":{"line":5,"column":21}},"5":{"start":{"line":6,"column":0},"end":{"line":6,"column":27}},"6":{"start":{"line":7,"column":0},"end":{"line":7,"column":31}},"7":{"start":{"line":8,"column":0},"end":{"line":8,"column":33}},"8":{"start":{"line":9,"column":0},"end":{"line":9,"column":0}},"9":{"start":{"line":10,"column":0},"end":{"line":10,"column":36}},"10":{"start":{"line":11,"column":0},"end":{"line":11,"column":17}},"11":{"start":{"line":12,"column":0},"end":{"line":12,"column":23}},"12":{"start":{"line":13,"column":0},"end":{"line":13,"column":24}},"13":{"start":{"line":14,"column":0},"end":{"line":14,"column":1}},"14":{"start":{"line":15,"column":0},"end":{"line":15,"column":0}},"15":{"start":{"line":16,"column":0},"end":{"line":16,"column":35}},"16":{"start":{"line":17,"column":0},"end":{"line":17,"column":22}},"17":{"start":{"line":18,"column":0},"end":{"line":18,"column":1}},"18":{"start":{"line":19,"column":0},"end":{"line":19,"column":0}},"19":{"start":{"line":20,"column":0},"end":{"line":20,"column":36}},"20":{"start":{"line":21,"column":0},"end":{"line":21,"column":21}},"21":{"start":{"line":22,"column":0},"end":{"line":22,"column":1}},"22":{"start":{"line":23,"column":0},"end":{"line":23,"column":0}},"23":{"start":{"line":24,"column":0},"end":{"line":24,"column":27}},"24":{"start":{"line":25,"column":0},"end":{"line":25,"column":26}},"25":{"start":{"line":26,"column":0},"end":{"line":26,"column":36}},"26":{"start":{"line":27,"column":0},"end":{"line":27,"column":34}},"27":{"start":{"line":28,"column":0},"end":{"line":28,"column":28}},"28":{"start":{"line":29,"column":0},"end":{"line":29,"column":0}},"29":{"start":{"line":30,"column":0},"end":{"line":30,"column":14}},"30":{"start":{"line":31,"column":0},"end":{"line":31,"column":39}},"31":{"start":{"line":32,"column":0},"end":{"line":32,"column":60}},"32":{"start":{"line":33,"column":0},"end":{"line":33,"column":57}},"33":{"start":{"line":34,"column":0},"end":{"line":34,"column":47}},"34":{"start":{"line":35,"column":0},"end":{"line":35,"column":5}},"35":{"start":{"line":36,"column":0},"end":{"line":36,"column":46}},"36":{"start":{"line":37,"column":0},"end":{"line":37,"column":47}},"37":{"start":{"line":38,"column":0},"end":{"line":38,"column":43}},"38":{"start":{"line":39,"column":0},"end":{"line":39,"column":31}},"39":{"start":{"line":40,"column":0},"end":{"line":40,"column":3}},"40":{"start":{"line":41,"column":0},"end":{"line":41,"column":0}},"41":{"start":{"line":42,"column":0},"end":{"line":42,"column":5}},"42":{"start":{"line":43,"column":0},"end":{"line":43,"column":54}},"43":{"start":{"line":44,"column":0},"end":{"line":44,"column":59}},"44":{"start":{"line":45,"column":0},"end":{"line":45,"column":5}},"45":{"start":{"line":46,"column":0},"end":{"line":46,"column":41}},"46":{"start":{"line":47,"column":0},"end":{"line":47,"column":9}},"47":{"start":{"line":48,"column":0},"end":{"line":48,"column":46}},"48":{"start":{"line":49,"column":0},"end":{"line":49,"column":35}},"49":{"start":{"line":50,"column":0},"end":{"line":50,"column":9}},"50":{"start":{"line":51,"column":0},"end":{"line":51,"column":24}},"51":{"start":{"line":52,"column":0},"end":{"line":52,"column":10}},"52":{"start":{"line":53,"column":0},"end":{"line":53,"column":13}},"53":{"start":{"line":54,"column":0},"end":{"line":54,"column":8}},"54":{"start":{"line":55,"column":0},"end":{"line":55,"column":20}},"55":{"start":{"line":56,"column":0},"end":{"line":56,"column":22}},"56":{"start":{"line":57,"column":0},"end":{"line":57,"column":19}},"57":{"start":{"line":58,"column":0},"end":{"line":58,"column":5}},"58":{"start":{"line":59,"column":0},"end":{"line":59,"column":3}},"59":{"start":{"line":60,"column":0},"end":{"line":60,"column":0}},"60":{"start":{"line":61,"column":0},"end":{"line":61,"column":5}},"61":{"start":{"line":62,"column":0},"end":{"line":62,"column":55}},"62":{"start":{"line":63,"column":0},"end":{"line":63,"column":90}},"63":{"start":{"line":64,"column":0},"end":{"line":64,"column":5}},"64":{"start":{"line":65,"column":0},"end":{"line":65,"column":26}},"65":{"start":{"line":66,"column":0},"end":{"line":66,"column":17}},"66":{"start":{"line":67,"column":0},"end":{"line":67,"column":43}},"67":{"start":{"line":68,"column":0},"end":{"line":68,"column":24}},"68":{"start":{"line":69,"column":0},"end":{"line":69,"column":25}},"69":{"start":{"line":70,"column":0},"end":{"line":70,"column":20}},"70":{"start":{"line":71,"column":0},"end":{"line":71,"column":0}},"71":{"start":{"line":72,"column":0},"end":{"line":72,"column":35}},"72":{"start":{"line":73,"column":0},"end":{"line":73,"column":11}},"73":{"start":{"line":74,"column":0},"end":{"line":74,"column":48}},"74":{"start":{"line":75,"column":0},"end":{"line":75,"column":83}},"75":{"start":{"line":76,"column":0},"end":{"line":76,"column":25}},"76":{"start":{"line":77,"column":0},"end":{"line":77,"column":58}},"77":{"start":{"line":78,"column":0},"end":{"line":78,"column":40}},"78":{"start":{"line":79,"column":0},"end":{"line":79,"column":11}},"79":{"start":{"line":80,"column":0},"end":{"line":80,"column":0}},"80":{"start":{"line":81,"column":0},"end":{"line":81,"column":33}},"81":{"start":{"line":82,"column":0},"end":{"line":82,"column":52}},"82":{"start":{"line":83,"column":0},"end":{"line":83,"column":9}},"83":{"start":{"line":84,"column":0},"end":{"line":84,"column":0}},"84":{"start":{"line":85,"column":0},"end":{"line":85,"column":22}},"85":{"start":{"line":86,"column":0},"end":{"line":86,"column":43}},"86":{"start":{"line":87,"column":0},"end":{"line":87,"column":70}},"87":{"start":{"line":88,"column":0},"end":{"line":88,"column":12}},"88":{"start":{"line":89,"column":0},"end":{"line":89,"column":9}},"89":{"start":{"line":90,"column":0},"end":{"line":90,"column":0}},"90":{"start":{"line":91,"column":0},"end":{"line":91,"column":42}},"91":{"start":{"line":92,"column":0},"end":{"line":92,"column":13}},"92":{"start":{"line":93,"column":0},"end":{"line":93,"column":63}},"93":{"start":{"line":94,"column":0},"end":{"line":94,"column":28}},"94":{"start":{"line":95,"column":0},"end":{"line":95,"column":94}},"95":{"start":{"line":96,"column":0},"end":{"line":96,"column":9}},"96":{"start":{"line":97,"column":0},"end":{"line":97,"column":0}},"97":{"start":{"line":98,"column":0},"end":{"line":98,"column":85}},"98":{"start":{"line":99,"column":0},"end":{"line":99,"column":49}},"99":{"start":{"line":100,"column":0},"end":{"line":100,"column":70}},"100":{"start":{"line":101,"column":0},"end":{"line":101,"column":12}},"101":{"start":{"line":102,"column":0},"end":{"line":102,"column":9}},"102":{"start":{"line":103,"column":0},"end":{"line":103,"column":0}},"103":{"start":{"line":104,"column":0},"end":{"line":104,"column":50}},"104":{"start":{"line":105,"column":0},"end":{"line":105,"column":67}},"105":{"start":{"line":106,"column":0},"end":{"line":106,"column":10}},"106":{"start":{"line":107,"column":0},"end":{"line":107,"column":28}},"107":{"start":{"line":108,"column":0},"end":{"line":108,"column":96}},"108":{"start":{"line":109,"column":0},"end":{"line":109,"column":9}},"109":{"start":{"line":110,"column":0},"end":{"line":110,"column":0}},"110":{"start":{"line":111,"column":0},"end":{"line":111,"column":42}},"111":{"start":{"line":112,"column":0},"end":{"line":112,"column":23}},"112":{"start":{"line":113,"column":0},"end":{"line":113,"column":12}},"113":{"start":{"line":114,"column":0},"end":{"line":114,"column":54}},"114":{"start":{"line":115,"column":0},"end":{"line":115,"column":55}},"115":{"start":{"line":116,"column":0},"end":{"line":116,"column":11}},"116":{"start":{"line":117,"column":0},"end":{"line":117,"column":22}},"117":{"start":{"line":118,"column":0},"end":{"line":118,"column":9}},"118":{"start":{"line":119,"column":0},"end":{"line":119,"column":0}},"119":{"start":{"line":120,"column":0},"end":{"line":120,"column":37}},"120":{"start":{"line":121,"column":0},"end":{"line":121,"column":56}},"121":{"start":{"line":122,"column":0},"end":{"line":122,"column":68}},"122":{"start":{"line":123,"column":0},"end":{"line":123,"column":101}},"123":{"start":{"line":124,"column":0},"end":{"line":124,"column":11}},"124":{"start":{"line":125,"column":0},"end":{"line":125,"column":43}},"125":{"start":{"line":126,"column":0},"end":{"line":126,"column":71}},"126":{"start":{"line":127,"column":0},"end":{"line":127,"column":12}},"127":{"start":{"line":128,"column":0},"end":{"line":128,"column":9}},"128":{"start":{"line":129,"column":0},"end":{"line":129,"column":0}},"129":{"start":{"line":130,"column":0},"end":{"line":130,"column":18}},"130":{"start":{"line":131,"column":0},"end":{"line":131,"column":53}},"131":{"start":{"line":132,"column":0},"end":{"line":132,"column":71}},"132":{"start":{"line":133,"column":0},"end":{"line":133,"column":7}},"133":{"start":{"line":134,"column":0},"end":{"line":134,"column":5}},"134":{"start":{"line":135,"column":0},"end":{"line":135,"column":0}},"135":{"start":{"line":136,"column":0},"end":{"line":136,"column":83}},"136":{"start":{"line":137,"column":0},"end":{"line":137,"column":3}},"137":{"start":{"line":138,"column":0},"end":{"line":138,"column":0}},"138":{"start":{"line":139,"column":0},"end":{"line":139,"column":5}},"139":{"start":{"line":140,"column":0},"end":{"line":140,"column":96}},"140":{"start":{"line":141,"column":0},"end":{"line":141,"column":5}},"141":{"start":{"line":142,"column":0},"end":{"line":142,"column":27}},"142":{"start":{"line":143,"column":0},"end":{"line":143,"column":20}},"143":{"start":{"line":144,"column":0},"end":{"line":144,"column":20}},"144":{"start":{"line":145,"column":0},"end":{"line":145,"column":43}},"145":{"start":{"line":146,"column":0},"end":{"line":146,"column":26}},"146":{"start":{"line":147,"column":0},"end":{"line":147,"column":38}},"147":{"start":{"line":148,"column":0},"end":{"line":148,"column":0}},"148":{"start":{"line":149,"column":0},"end":{"line":149,"column":56}},"149":{"start":{"line":150,"column":0},"end":{"line":150,"column":25}},"150":{"start":{"line":151,"column":0},"end":{"line":151,"column":0}},"151":{"start":{"line":152,"column":0},"end":{"line":152,"column":32}},"152":{"start":{"line":153,"column":0},"end":{"line":153,"column":43}},"153":{"start":{"line":154,"column":0},"end":{"line":154,"column":37}},"154":{"start":{"line":155,"column":0},"end":{"line":155,"column":75}},"155":{"start":{"line":156,"column":0},"end":{"line":156,"column":7}},"156":{"start":{"line":157,"column":0},"end":{"line":157,"column":6}},"157":{"start":{"line":158,"column":0},"end":{"line":158,"column":0}},"158":{"start":{"line":159,"column":0},"end":{"line":159,"column":96}},"159":{"start":{"line":160,"column":0},"end":{"line":160,"column":31}},"160":{"start":{"line":161,"column":0},"end":{"line":161,"column":0}},"161":{"start":{"line":162,"column":0},"end":{"line":162,"column":19}},"162":{"start":{"line":163,"column":0},"end":{"line":163,"column":3}},"163":{"start":{"line":164,"column":0},"end":{"line":164,"column":0}},"164":{"start":{"line":165,"column":0},"end":{"line":165,"column":5}},"165":{"start":{"line":166,"column":0},"end":{"line":166,"column":40}},"166":{"start":{"line":167,"column":0},"end":{"line":167,"column":92}},"167":{"start":{"line":168,"column":0},"end":{"line":168,"column":5}},"168":{"start":{"line":169,"column":0},"end":{"line":169,"column":94}},"169":{"start":{"line":170,"column":0},"end":{"line":170,"column":56}},"170":{"start":{"line":171,"column":0},"end":{"line":171,"column":21}},"171":{"start":{"line":172,"column":0},"end":{"line":172,"column":12}},"172":{"start":{"line":173,"column":0},"end":{"line":173,"column":13}},"173":{"start":{"line":174,"column":0},"end":{"line":174,"column":20}},"174":{"start":{"line":175,"column":0},"end":{"line":175,"column":35}},"175":{"start":{"line":176,"column":0},"end":{"line":176,"column":14}},"176":{"start":{"line":177,"column":0},"end":{"line":177,"column":93}},"177":{"start":{"line":178,"column":0},"end":{"line":178,"column":6}},"178":{"start":{"line":179,"column":0},"end":{"line":179,"column":0}},"179":{"start":{"line":180,"column":0},"end":{"line":180,"column":9}},"180":{"start":{"line":181,"column":0},"end":{"line":181,"column":79}},"181":{"start":{"line":182,"column":0},"end":{"line":182,"column":23}},"182":{"start":{"line":183,"column":0},"end":{"line":183,"column":56}},"183":{"start":{"line":184,"column":0},"end":{"line":184,"column":38}},"184":{"start":{"line":185,"column":0},"end":{"line":185,"column":9}},"185":{"start":{"line":186,"column":0},"end":{"line":186,"column":0}},"186":{"start":{"line":187,"column":0},"end":{"line":187,"column":31}},"187":{"start":{"line":188,"column":0},"end":{"line":188,"column":50}},"188":{"start":{"line":189,"column":0},"end":{"line":189,"column":7}},"189":{"start":{"line":190,"column":0},"end":{"line":190,"column":0}},"190":{"start":{"line":191,"column":0},"end":{"line":191,"column":20}},"191":{"start":{"line":192,"column":0},"end":{"line":192,"column":41}},"192":{"start":{"line":193,"column":0},"end":{"line":193,"column":69}},"193":{"start":{"line":194,"column":0},"end":{"line":194,"column":10}},"194":{"start":{"line":195,"column":0},"end":{"line":195,"column":7}},"195":{"start":{"line":196,"column":0},"end":{"line":196,"column":0}},"196":{"start":{"line":197,"column":0},"end":{"line":197,"column":41}},"197":{"start":{"line":198,"column":0},"end":{"line":198,"column":11}},"198":{"start":{"line":199,"column":0},"end":{"line":199,"column":62}},"199":{"start":{"line":200,"column":0},"end":{"line":200,"column":26}},"200":{"start":{"line":201,"column":0},"end":{"line":201,"column":47}},"201":{"start":{"line":202,"column":0},"end":{"line":202,"column":65}},"202":{"start":{"line":203,"column":0},"end":{"line":203,"column":10}},"203":{"start":{"line":204,"column":0},"end":{"line":204,"column":7}},"204":{"start":{"line":205,"column":0},"end":{"line":205,"column":0}},"205":{"start":{"line":206,"column":0},"end":{"line":206,"column":55}},"206":{"start":{"line":207,"column":0},"end":{"line":207,"column":47}},"207":{"start":{"line":208,"column":0},"end":{"line":208,"column":68}},"208":{"start":{"line":209,"column":0},"end":{"line":209,"column":10}},"209":{"start":{"line":210,"column":0},"end":{"line":210,"column":7}},"210":{"start":{"line":211,"column":0},"end":{"line":211,"column":0}},"211":{"start":{"line":212,"column":0},"end":{"line":212,"column":27}},"212":{"start":{"line":213,"column":0},"end":{"line":213,"column":21}},"213":{"start":{"line":214,"column":0},"end":{"line":214,"column":52}},"214":{"start":{"line":215,"column":0},"end":{"line":215,"column":64}},"215":{"start":{"line":216,"column":0},"end":{"line":216,"column":98}},"216":{"start":{"line":217,"column":0},"end":{"line":217,"column":7}},"217":{"start":{"line":218,"column":0},"end":{"line":218,"column":99}},"218":{"start":{"line":219,"column":0},"end":{"line":219,"column":5}},"219":{"start":{"line":220,"column":0},"end":{"line":220,"column":3}},"220":{"start":{"line":221,"column":0},"end":{"line":221,"column":0}},"221":{"start":{"line":222,"column":0},"end":{"line":222,"column":33}},"222":{"start":{"line":223,"column":0},"end":{"line":223,"column":16}},"223":{"start":{"line":224,"column":0},"end":{"line":224,"column":25}},"224":{"start":{"line":225,"column":0},"end":{"line":225,"column":37}},"225":{"start":{"line":226,"column":0},"end":{"line":226,"column":24}},"226":{"start":{"line":227,"column":0},"end":{"line":227,"column":45}},"227":{"start":{"line":228,"column":0},"end":{"line":228,"column":68}},"228":{"start":{"line":229,"column":0},"end":{"line":229,"column":0}},"229":{"start":{"line":230,"column":0},"end":{"line":230,"column":9}},"230":{"start":{"line":231,"column":0},"end":{"line":231,"column":36}},"231":{"start":{"line":232,"column":0},"end":{"line":232,"column":19}},"232":{"start":{"line":233,"column":0},"end":{"line":233,"column":34}},"233":{"start":{"line":234,"column":0},"end":{"line":234,"column":9}},"234":{"start":{"line":235,"column":0},"end":{"line":235,"column":17}},"235":{"start":{"line":236,"column":0},"end":{"line":236,"column":15}},"236":{"start":{"line":237,"column":0},"end":{"line":237,"column":30}},"237":{"start":{"line":238,"column":0},"end":{"line":238,"column":5}},"238":{"start":{"line":239,"column":0},"end":{"line":239,"column":3}},"239":{"start":{"line":240,"column":0},"end":{"line":240,"column":1}}},"s":{"0":1,"1":1,"2":1,"3":1,"4":1,"5":1,"6":1,"7":1,"8":1,"9":1,"10":1,"11":1,"12":1,"13":1,"14":1,"15":1,"16":1,"17":1,"18":1,"19":1,"20":1,"21":1,"22":1,"23":1,"24":1,"25":69,"26":69,"27":69,"28":1,"29":1,"30":69,"31":69,"32":69,"33":69,"34":69,"35":69,"36":69,"37":69,"38":69,"39":69,"40":1,"41":1,"42":1,"43":1,"44":1,"45":1,"46":2,"47":2,"48":2,"49":2,"50":2,"51":2,"52":2,"53":2,"54":1,"55":1,"56":1,"57":1,"58":2,"59":1,"60":1,"61":1,"62":1,"63":1,"64":1,"65":7,"66":7,"67":7,"68":7,"69":7,"70":7,"71":7,"72":8,"73":8,"74":8,"75":8,"76":8,"77":8,"78":8,"79":7,"80":8,"81":1,"82":1,"83":6,"84":8,"85":0,"86":0,"87":0,"88":0,"89":6,"90":6,"91":6,"92":6,"93":8,"94":0,"95":0,"96":6,"97":8,"98":1,"99":1,"100":1,"101":1,"102":5,"103":5,"104":5,"105":5,"106":8,"107":0,"108":0,"109":5,"110":5,"111":8,"112":3,"113":3,"114":2,"115":3,"116":2,"117":2,"118":1,"119":3,"120":0,"121":0,"122":0,"123":0,"124":0,"125":0,"126":0,"127":0,"128":1,"129":1,"130":1,"131":1,"132":1,"133":8,"134":0,"135":0,"136":7,"137":1,"138":1,"139":1,"140":1,"141":1,"142":2,"143":2,"144":2,"145":2,"146":2,"147":1,"148":1,"149":1,"150":1,"151":1,"152":2,"153":3,"154":3,"155":3,"156":2,"157":1,"158":1,"159":1,"160":1,"161":1,"162":2,"163":1,"164":1,"165":1,"166":1,"167":1,"168":1,"169":3,"170":3,"171":3,"172":3,"173":3,"174":3,"175":3,"176":3,"177":3,"178":3,"179":3,"180":3,"181":3,"182":3,"183":3,"184":3,"185":1,"186":3,"187":0,"188":0,"189":1,"190":3,"191":0,"192":0,"193":0,"194":0,"195":1,"196":1,"197":1,"198":1,"199":3,"200":0,"201":0,"202":0,"203":0,"204":1,"205":3,"206":0,"207":0,"208":0,"209":0,"210":1,"211":1,"212":3,"213":2,"214":2,"215":1,"216":1,"217":2,"218":2,"219":3,"220":1,"221":1,"222":13,"223":13,"224":13,"225":13,"226":13,"227":13,"228":13,"229":13,"230":13,"231":13,"232":13,"233":13,"234":9,"235":13,"236":13,"237":13,"238":13,"239":1},"branchMap":{"0":{"type":"branch","line":25,"loc":{"start":{"line":25,"column":10},"end":{"line":28,"column":28}},"locations":[{"start":{"line":25,"column":10},"end":{"line":28,"column":28}}]},"1":{"type":"branch","line":30,"loc":{"start":{"line":30,"column":2},"end":{"line":40,"column":3}},"locations":[{"start":{"line":30,"column":2},"end":{"line":40,"column":3}}]},"2":{"type":"branch","line":46,"loc":{"start":{"line":46,"column":2},"end":{"line":59,"column":3}},"locations":[{"start":{"line":46,"column":2},"end":{"line":59,"column":3}}]},"3":{"type":"branch","line":54,"loc":{"start":{"line":54,"column":6},"end":{"line":58,"column":5}},"locations":[{"start":{"line":54,"column":6},"end":{"line":58,"column":5}}]},"4":{"type":"branch","line":65,"loc":{"start":{"line":65,"column":2},"end":{"line":137,"column":3}},"locations":[{"start":{"line":65,"column":2},"end":{"line":137,"column":3}}]},"5":{"type":"branch","line":72,"loc":{"start":{"line":72,"column":34},"end":{"line":134,"column":5}},"locations":[{"start":{"line":72,"column":34},"end":{"line":134,"column":5}}]},"6":{"type":"branch","line":79,"loc":{"start":{"line":79,"column":9},"end":{"line":81,"column":32}},"locations":[{"start":{"line":79,"column":9},"end":{"line":81,"column":32}}]},"7":{"type":"branch","line":81,"loc":{"start":{"line":81,"column":32},"end":{"line":83,"column":9}},"locations":[{"start":{"line":81,"column":32},"end":{"line":83,"column":9}}]},"8":{"type":"branch","line":83,"loc":{"start":{"line":83,"column":8},"end":{"line":85,"column":21}},"locations":[{"start":{"line":83,"column":8},"end":{"line":85,"column":21}}]},"9":{"type":"branch","line":85,"loc":{"start":{"line":85,"column":21},"end":{"line":89,"column":9}},"locations":[{"start":{"line":85,"column":21},"end":{"line":89,"column":9}}]},"10":{"type":"branch","line":89,"loc":{"start":{"line":89,"column":8},"end":{"line":94,"column":17}},"locations":[{"start":{"line":89,"column":8},"end":{"line":94,"column":17}}]},"11":{"type":"branch","line":94,"loc":{"start":{"line":94,"column":8},"end":{"line":96,"column":9}},"locations":[{"start":{"line":94,"column":8},"end":{"line":96,"column":9}}]},"12":{"type":"branch","line":96,"loc":{"start":{"line":96,"column":8},"end":{"line":98,"column":55}},"locations":[{"start":{"line":96,"column":8},"end":{"line":98,"column":55}}]},"13":{"type":"branch","line":98,"loc":{"start":{"line":98,"column":50},"end":{"line":98,"column":84}},"locations":[{"start":{"line":98,"column":50},"end":{"line":98,"column":84}}]},"14":{"type":"branch","line":98,"loc":{"start":{"line":98,"column":84},"end":{"line":102,"column":9}},"locations":[{"start":{"line":98,"column":84},"end":{"line":102,"column":9}}]},"15":{"type":"branch","line":102,"loc":{"start":{"line":102,"column":8},"end":{"line":107,"column":27}},"locations":[{"start":{"line":102,"column":8},"end":{"line":107,"column":27}}]},"16":{"type":"branch","line":107,"loc":{"start":{"line":107,"column":27},"end":{"line":109,"column":9}},"locations":[{"start":{"line":107,"column":27},"end":{"line":109,"column":9}}]},"17":{"type":"branch","line":109,"loc":{"start":{"line":109,"column":8},"end":{"line":112,"column":15}},"locations":[{"start":{"line":109,"column":8},"end":{"line":112,"column":15}}]},"18":{"type":"branch","line":112,"loc":{"start":{"line":112,"column":6},"end":{"line":133,"column":7}},"locations":[{"start":{"line":112,"column":6},"end":{"line":133,"column":7}}]},"19":{"type":"branch","line":114,"loc":{"start":{"line":114,"column":27},"end":{"line":115,"column":55}},"locations":[{"start":{"line":114,"column":27},"end":{"line":115,"column":55}}]},"20":{"type":"branch","line":116,"loc":{"start":{"line":116,"column":10},"end":{"line":118,"column":9}},"locations":[{"start":{"line":116,"column":10},"end":{"line":118,"column":9}}]},"21":{"type":"branch","line":118,"loc":{"start":{"line":118,"column":8},"end":{"line":120,"column":36}},"locations":[{"start":{"line":118,"column":8},"end":{"line":120,"column":36}}]},"22":{"type":"branch","line":120,"loc":{"start":{"line":120,"column":36},"end":{"line":128,"column":9}},"locations":[{"start":{"line":120,"column":36},"end":{"line":128,"column":9}}]},"23":{"type":"branch","line":128,"loc":{"start":{"line":128,"column":8},"end":{"line":133,"column":7}},"locations":[{"start":{"line":128,"column":8},"end":{"line":133,"column":7}}]},"24":{"type":"branch","line":134,"loc":{"start":{"line":134,"column":4},"end":{"line":136,"column":83}},"locations":[{"start":{"line":134,"column":4},"end":{"line":136,"column":83}}]},"25":{"type":"branch","line":105,"loc":{"start":{"line":105,"column":10},"end":{"line":105,"column":67}},"locations":[{"start":{"line":105,"column":10},"end":{"line":105,"column":67}}]},"26":{"type":"branch","line":132,"loc":{"start":{"line":132,"column":26},"end":{"line":132,"column":69}},"locations":[{"start":{"line":132,"column":26},"end":{"line":132,"column":69}}]},"27":{"type":"branch","line":142,"loc":{"start":{"line":142,"column":2},"end":{"line":163,"column":3}},"locations":[{"start":{"line":142,"column":2},"end":{"line":163,"column":3}}]},"28":{"type":"branch","line":147,"loc":{"start":{"line":147,"column":28},"end":{"line":162,"column":19}},"locations":[{"start":{"line":147,"column":28},"end":{"line":162,"column":19}}]},"29":{"type":"branch","line":152,"loc":{"start":{"line":152,"column":19},"end":{"line":157,"column":6}},"locations":[{"start":{"line":152,"column":19},"end":{"line":157,"column":6}}]},"30":{"type":"branch","line":153,"loc":{"start":{"line":153,"column":42},"end":{"line":156,"column":7}},"locations":[{"start":{"line":153,"column":42},"end":{"line":156,"column":7}}]},"31":{"type":"branch","line":159,"loc":{"start":{"line":159,"column":80},"end":{"line":159,"column":94}},"locations":[{"start":{"line":159,"column":80},"end":{"line":159,"column":94}}]},"32":{"type":"branch","line":169,"loc":{"start":{"line":169,"column":2},"end":{"line":220,"column":3}},"locations":[{"start":{"line":169,"column":2},"end":{"line":220,"column":3}}]},"33":{"type":"branch","line":177,"loc":{"start":{"line":177,"column":32},"end":{"line":177,"column":83}},"locations":[{"start":{"line":177,"column":32},"end":{"line":177,"column":83}}]},"34":{"type":"branch","line":177,"loc":{"start":{"line":177,"column":79},"end":{"line":177,"column":93}},"locations":[{"start":{"line":177,"column":79},"end":{"line":177,"column":93}}]},"35":{"type":"branch","line":185,"loc":{"start":{"line":185,"column":7},"end":{"line":187,"column":30}},"locations":[{"start":{"line":185,"column":7},"end":{"line":187,"column":30}}]},"36":{"type":"branch","line":187,"loc":{"start":{"line":187,"column":30},"end":{"line":189,"column":7}},"locations":[{"start":{"line":187,"column":30},"end":{"line":189,"column":7}}]},"37":{"type":"branch","line":189,"loc":{"start":{"line":189,"column":6},"end":{"line":191,"column":19}},"locations":[{"start":{"line":189,"column":6},"end":{"line":191,"column":19}}]},"38":{"type":"branch","line":191,"loc":{"start":{"line":191,"column":19},"end":{"line":195,"column":7}},"locations":[{"start":{"line":191,"column":19},"end":{"line":195,"column":7}}]},"39":{"type":"branch","line":195,"loc":{"start":{"line":195,"column":6},"end":{"line":200,"column":15}},"locations":[{"start":{"line":195,"column":6},"end":{"line":200,"column":15}}]},"40":{"type":"branch","line":200,"loc":{"start":{"line":200,"column":6},"end":{"line":204,"column":7}},"locations":[{"start":{"line":200,"column":6},"end":{"line":204,"column":7}}]},"41":{"type":"branch","line":204,"loc":{"start":{"line":204,"column":6},"end":{"line":206,"column":54}},"locations":[{"start":{"line":204,"column":6},"end":{"line":206,"column":54}}]},"42":{"type":"branch","line":206,"loc":{"start":{"line":206,"column":54},"end":{"line":210,"column":7}},"locations":[{"start":{"line":206,"column":54},"end":{"line":210,"column":7}}]},"43":{"type":"branch","line":210,"loc":{"start":{"line":210,"column":6},"end":{"line":213,"column":13}},"locations":[{"start":{"line":210,"column":6},"end":{"line":213,"column":13}}]},"44":{"type":"branch","line":213,"loc":{"start":{"line":213,"column":4},"end":{"line":219,"column":5}},"locations":[{"start":{"line":213,"column":4},"end":{"line":219,"column":5}}]},"45":{"type":"branch","line":214,"loc":{"start":{"line":214,"column":40},"end":{"line":214,"column":52}},"locations":[{"start":{"line":214,"column":40},"end":{"line":214,"column":52}}]},"46":{"type":"branch","line":215,"loc":{"start":{"line":215,"column":63},"end":{"line":218,"column":68}},"locations":[{"start":{"line":215,"column":63},"end":{"line":218,"column":68}}]},"47":{"type":"branch","line":218,"loc":{"start":{"line":218,"column":57},"end":{"line":218,"column":97}},"locations":[{"start":{"line":218,"column":57},"end":{"line":218,"column":97}}]},"48":{"type":"branch","line":222,"loc":{"start":{"line":222,"column":2},"end":{"line":239,"column":3}},"locations":[{"start":{"line":222,"column":2},"end":{"line":239,"column":3}}]},"49":{"type":"branch","line":234,"loc":{"start":{"line":234,"column":7},"end":{"line":236,"column":6}},"locations":[{"start":{"line":234,"column":7},"end":{"line":236,"column":6}}]}},"b":{"0":[69],"1":[69],"2":[2],"3":[1],"4":[7],"5":[8],"6":[7],"7":[1],"8":[6],"9":[0],"10":[6],"11":[0],"12":[6],"13":[5],"14":[1],"15":[5],"16":[0],"17":[5],"18":[3],"19":[2],"20":[2],"21":[1],"22":[0],"23":[1],"24":[0],"25":[12],"26":[1],"27":[2],"28":[1],"29":[2],"30":[3],"31":[2],"32":[3],"33":[1],"34":[2],"35":[1],"36":[0],"37":[1],"38":[0],"39":[1],"40":[0],"41":[1],"42":[0],"43":[1],"44":[2],"45":[0],"46":[1],"47":[0],"48":[13],"49":[9]},"fnMap":{"0":{"name":"<instance_members_initializer>","decl":{"start":{"line":25,"column":10},"end":{"line":28,"column":28}},"loc":{"start":{"line":25,"column":10},"end":{"line":28,"column":28}},"line":25},"1":{"name":"OllamaClient","decl":{"start":{"line":30,"column":2},"end":{"line":40,"column":3}},"loc":{"start":{"line":30,"column":2},"end":{"line":40,"column":3}},"line":30},"2":{"name":"healthCheck","decl":{"start":{"line":46,"column":2},"end":{"line":59,"column":3}},"loc":{"start":{"line":46,"column":2},"end":{"line":59,"column":3}},"line":46},"3":{"name":"generateEmbedding","decl":{"start":{"line":65,"column":2},"end":{"line":137,"column":3}},"loc":{"start":{"line":65,"column":2},"end":{"line":137,"column":3}},"line":65},"4":{"name":"generateEmbeddings","decl":{"start":{"line":142,"column":2},"end":{"line":163,"column":3}},"loc":{"start":{"line":142,"column":2},"end":{"line":163,"column":3}},"line":142},"5":{"name":"worker","decl":{"start":{"line":152,"column":19},"end":{"line":157,"column":6}},"loc":{"start":{"line":152,"column":19},"end":{"line":157,"column":6}},"line":152},"6":{"name":"generateCompletion","decl":{"start":{"line":169,"column":2},"end":{"line":220,"column":3}},"loc":{"start":{"line":169,"column":2},"end":{"line":220,"column":3}},"line":169},"7":{"name":"fetchWithTimeout","decl":{"start":{"line":222,"column":2},"end":{"line":239,"column":3}},"loc":{"start":{"line":222,"column":2},"end":{"line":239,"column":3}},"line":222}},"f":{"0":69,"1":69,"2":2,"3":7,"4":2,"5":2,"6":3,"7":13}}
,"C:\\Users\\shash\\OneDrive\\Documents\\My own AI\\Your-OWN-AI\\apps\\api\\src\\clients\\vectorEngine.client.ts": {"path":"C:\\Users\\shash\\OneDrive\\Documents\\My own AI\\Your-OWN-AI\\apps\\api\\src\\clients\\vectorEngine.client.ts","all":false,"statementMap":{"0":{"start":{"line":1,"column":0},"end":{"line":1,"column":39}},"1":{"start":{"line":2,"column":0},"end":{"line":2,"column":8}},"2":{"start":{"line":3,"column":0},"end":{"line":3,"column":20}},"3":{"start":{"line":4,"column":0},"end":{"line":4,"column":31}},"4":{"start":{"line":5,"column":0},"end":{"line":5,"column":27}},"5":{"start":{"line":6,"column":0},"end":{"line":6,"column":28}},"6":{"start":{"line":7,"column":0},"end":{"line":7,"column":30}},"7":{"start":{"line":8,"column":0},"end":{"line":8,"column":39}},"8":{"start":{"line":9,"column":0},"end":{"line":9,"column":0}},"9":{"start":{"line":10,"column":0},"end":{"line":10,"column":34}},"10":{"start":{"line":11,"column":0},"end":{"line":11,"column":13}},"11":{"start":{"line":12,"column":0},"end":{"line":12,"column":19}},"12":{"start":{"line":13,"column":0},"end":{"line":13,"column":37}},"13":{"start":{"line":14,"column":0},"end":{"line":14,"column":1}},"14":{"start":{"line":15,"column":0},"end":{"line":15,"column":0}},"15":{"start":{"line":16,"column":0},"end":{"line":16,"column":32}},"16":{"start":{"line":17,"column":0},"end":{"line":17,"column":13}},"17":{"start":{"line":18,"column":0},"end":{"line":18,"column":47}},"18":{"start":{"line":19,"column":0},"end":{"line":19,"column":48}},"19":{"start":{"line":20,"column":0},"end":{"line":20,"column":1}},"20":{"start":{"line":21,"column":0},"end":{"line":21,"column":0}},"21":{"start":{"line":22,"column":0},"end":{"line":22,"column":28}},"22":{"start":{"line":23,"column":0},"end":{"line":23,"column":13}},"23":{"start":{"line":24,"column":0},"end":{"line":24,"column":19}},"24":{"start":{"line":25,"column":0},"end":{"line":25,"column":37}},"25":{"start":{"line":26,"column":0},"end":{"line":26,"column":20}},"26":{"start":{"line":27,"column":0},"end":{"line":27,"column":1}},"27":{"start":{"line":28,"column":0},"end":{"line":28,"column":0}},"28":{"start":{"line":29,"column":0},"end":{"line":29,"column":31}},"29":{"start":{"line":30,"column":0},"end":{"line":30,"column":20}},"30":{"start":{"line":31,"column":0},"end":{"line":31,"column":20}},"31":{"start":{"line":32,"column":0},"end":{"line":32,"column":17}},"32":{"start":{"line":33,"column":0},"end":{"line":33,"column":20}},"33":{"start":{"line":34,"column":0},"end":{"line":34,"column":20}},"34":{"start":{"line":35,"column":0},"end":{"line":35,"column":1}},"35":{"start":{"line":36,"column":0},"end":{"line":36,"column":0}},"36":{"start":{"line":37,"column":0},"end":{"line":37,"column":31}},"37":{"start":{"line":38,"column":0},"end":{"line":38,"column":11}},"38":{"start":{"line":39,"column":0},"end":{"line":39,"column":18}},"39":{"start":{"line":40,"column":0},"end":{"line":40,"column":21}},"40":{"start":{"line":41,"column":0},"end":{"line":41,"column":4}},"41":{"start":{"line":42,"column":0},"end":{"line":42,"column":1}},"42":{"start":{"line":43,"column":0},"end":{"line":43,"column":0}},"43":{"start":{"line":44,"column":0},"end":{"line":44,"column":33}},"44":{"start":{"line":45,"column":0},"end":{"line":45,"column":26}},"45":{"start":{"line":46,"column":0},"end":{"line":46,"column":28}},"46":{"start":{"line":47,"column":0},"end":{"line":47,"column":0}},"47":{"start":{"line":48,"column":0},"end":{"line":48,"column":14}},"48":{"start":{"line":49,"column":0},"end":{"line":49,"column":42}},"49":{"start":{"line":50,"column":0},"end":{"line":50,"column":50}},"50":{"start":{"line":51,"column":0},"end":{"line":51,"column":5}},"51":{"start":{"line":52,"column":0},"end":{"line":52,"column":46}},"52":{"start":{"line":53,"column":0},"end":{"line":53,"column":31}},"53":{"start":{"line":54,"column":0},"end":{"line":54,"column":3}},"54":{"start":{"line":55,"column":0},"end":{"line":55,"column":0}},"55":{"start":{"line":56,"column":0},"end":{"line":56,"column":5}},"56":{"start":{"line":57,"column":0},"end":{"line":57,"column":82}},"57":{"start":{"line":58,"column":0},"end":{"line":58,"column":5}},"58":{"start":{"line":59,"column":0},"end":{"line":59,"column":86}},"59":{"start":{"line":60,"column":0},"end":{"line":60,"column":66}},"60":{"start":{"line":61,"column":0},"end":{"line":61,"column":3}},"61":{"start":{"line":62,"column":0},"end":{"line":62,"column":0}},"62":{"start":{"line":63,"column":0},"end":{"line":63,"column":5}},"63":{"start":{"line":64,"column":0},"end":{"line":64,"column":38}},"64":{"start":{"line":65,"column":0},"end":{"line":65,"column":5}},"65":{"start":{"line":66,"column":0},"end":{"line":66,"column":54}},"66":{"start":{"line":67,"column":0},"end":{"line":67,"column":63}},"67":{"start":{"line":68,"column":0},"end":{"line":68,"column":3}},"68":{"start":{"line":69,"column":0},"end":{"line":69,"column":0}},"69":{"start":{"line":70,"column":0},"end":{"line":70,"column":5}},"70":{"start":{"line":71,"column":0},"end":{"line":71,"column":55}},"71":{"start":{"line":72,"column":0},"end":{"line":72,"column":57}},"72":{"start":{"line":73,"column":0},"end":{"line":73,"column":5}},"73":{"start":{"line":74,"column":0},"end":{"line":74,"column":21}},"74":{"start":{"line":75,"column":0},"end":{"line":75,"column":22}},"75":{"start":{"line":76,"column":0},"end":{"line":76,"column":26}},"76":{"start":{"line":77,"column":0},"end":{"line":77,"column":63}},"77":{"start":{"line":78,"column":0},"end":{"line":78,"column":38}},"78":{"start":{"line":79,"column":0},"end":{"line":79,"column":35}},"79":{"start":{"line":80,"column":0},"end":{"line":80,"column":0}},"80":{"start":{"line":81,"column":0},"end":{"line":81,"column":21}},"81":{"start":{"line":82,"column":0},"end":{"line":82,"column":18}},"82":{"start":{"line":83,"column":0},"end":{"line":83,"column":16}},"83":{"start":{"line":84,"column":0},"end":{"line":84,"column":26}},"84":{"start":{"line":85,"column":0},"end":{"line":85,"column":36}},"85":{"start":{"line":86,"column":0},"end":{"line":86,"column":6}},"86":{"start":{"line":87,"column":0},"end":{"line":87,"column":0}},"87":{"start":{"line":88,"column":0},"end":{"line":88,"column":47}},"88":{"start":{"line":89,"column":0},"end":{"line":89,"column":21}},"89":{"start":{"line":90,"column":0},"end":{"line":90,"column":54}},"90":{"start":{"line":91,"column":0},"end":{"line":91,"column":36}},"91":{"start":{"line":92,"column":0},"end":{"line":92,"column":7}},"92":{"start":{"line":93,"column":0},"end":{"line":93,"column":3}},"93":{"start":{"line":94,"column":0},"end":{"line":94,"column":0}},"94":{"start":{"line":95,"column":0},"end":{"line":95,"column":5}},"95":{"start":{"line":96,"column":0},"end":{"line":96,"column":58}},"96":{"start":{"line":97,"column":0},"end":{"line":97,"column":57}},"97":{"start":{"line":98,"column":0},"end":{"line":98,"column":5}},"98":{"start":{"line":99,"column":0},"end":{"line":99,"column":20}},"99":{"start":{"line":100,"column":0},"end":{"line":100,"column":22}},"100":{"start":{"line":101,"column":0},"end":{"line":101,"column":31}},"101":{"start":{"line":102,"column":0},"end":{"line":102,"column":90}},"102":{"start":{"line":103,"column":0},"end":{"line":103,"column":38}},"103":{"start":{"line":104,"column":0},"end":{"line":104,"column":58}},"104":{"start":{"line":105,"column":0},"end":{"line":105,"column":83}},"105":{"start":{"line":106,"column":0},"end":{"line":106,"column":5}},"106":{"start":{"line":107,"column":0},"end":{"line":107,"column":56}},"107":{"start":{"line":108,"column":0},"end":{"line":108,"column":0}},"108":{"start":{"line":109,"column":0},"end":{"line":109,"column":21}},"109":{"start":{"line":110,"column":0},"end":{"line":110,"column":16}},"110":{"start":{"line":111,"column":0},"end":{"line":111,"column":36}},"111":{"start":{"line":112,"column":0},"end":{"line":112,"column":17}},"112":{"start":{"line":113,"column":0},"end":{"line":113,"column":25}},"113":{"start":{"line":114,"column":0},"end":{"line":114,"column":35}},"114":{"start":{"line":115,"column":0},"end":{"line":115,"column":10}},"115":{"start":{"line":116,"column":0},"end":{"line":116,"column":6}},"116":{"start":{"line":117,"column":0},"end":{"line":117,"column":0}},"117":{"start":{"line":118,"column":0},"end":{"line":118,"column":53}},"118":{"start":{"line":119,"column":0},"end":{"line":119,"column":21}},"119":{"start":{"line":120,"column":0},"end":{"line":120,"column":54}},"120":{"start":{"line":121,"column":0},"end":{"line":121,"column":36}},"121":{"start":{"line":122,"column":0},"end":{"line":122,"column":7}},"122":{"start":{"line":123,"column":0},"end":{"line":123,"column":3}},"123":{"start":{"line":124,"column":0},"end":{"line":124,"column":0}},"124":{"start":{"line":125,"column":0},"end":{"line":125,"column":5}},"125":{"start":{"line":126,"column":0},"end":{"line":126,"column":53}},"126":{"start":{"line":127,"column":0},"end":{"line":127,"column":57}},"127":{"start":{"line":128,"column":0},"end":{"line":128,"column":5}},"128":{"start":{"line":129,"column":0},"end":{"line":129,"column":22}},"129":{"start":{"line":130,"column":0},"end":{"line":130,"column":22}},"130":{"start":{"line":131,"column":0},"end":{"line":131,"column":26}},"131":{"start":{"line":132,"column":0},"end":{"line":132,"column":11}},"132":{"start":{"line":133,"column":0},"end":{"line":133,"column":32}},"133":{"start":{"line":134,"column":0},"end":{"line":134,"column":28}},"134":{"start":{"line":135,"column":0},"end":{"line":135,"column":38}},"135":{"start":{"line":136,"column":0},"end":{"line":136,"column":66}},"136":{"start":{"line":137,"column":0},"end":{"line":137,"column":89}},"137":{"start":{"line":138,"column":0},"end":{"line":138,"column":5}},"138":{"start":{"line":139,"column":0},"end":{"line":139,"column":17}},"139":{"start":{"line":140,"column":0},"end":{"line":140,"column":82}},"140":{"start":{"line":141,"column":0},"end":{"line":141,"column":5}},"141":{"start":{"line":142,"column":0},"end":{"line":142,"column":0}},"142":{"start":{"line":143,"column":0},"end":{"line":143,"column":21}},"143":{"start":{"line":144,"column":0},"end":{"line":144,"column":16}},"144":{"start":{"line":145,"column":0},"end":{"line":145,"column":26}},"145":{"start":{"line":146,"column":0},"end":{"line":146,"column":8}},"146":{"start":{"line":147,"column":0},"end":{"line":147,"column":45}},"147":{"start":{"line":148,"column":0},"end":{"line":148,"column":41}},"148":{"start":{"line":149,"column":0},"end":{"line":149,"column":6}},"149":{"start":{"line":150,"column":0},"end":{"line":150,"column":0}},"150":{"start":{"line":151,"column":0},"end":{"line":151,"column":54}},"151":{"start":{"line":152,"column":0},"end":{"line":152,"column":21}},"152":{"start":{"line":153,"column":0},"end":{"line":153,"column":54}},"153":{"start":{"line":154,"column":0},"end":{"line":154,"column":36}},"154":{"start":{"line":155,"column":0},"end":{"line":155,"column":7}},"155":{"start":{"line":156,"column":0},"end":{"line":156,"column":3}},"156":{"start":{"line":157,"column":0},"end":{"line":157,"column":0}},"157":{"start":{"line":158,"column":0},"end":{"line":158,"column":5}},"158":{"start":{"line":159,"column":0},"end":{"line":159,"column":80}},"159":{"start":{"line":160,"column":0},"end":{"line":160,"column":5}},"160":{"start":{"line":161,"column":0},"end":{"line":161,"column":90}},"161":{"start":{"line":162,"column":0},"end":{"line":162,"column":38}},"162":{"start":{"line":163,"column":0},"end":{"line":163,"column":52}},"163":{"start":{"line":164,"column":0},"end":{"line":164,"column":84}},"164":{"start":{"line":165,"column":0},"end":{"line":165,"column":5}},"165":{"start":{"line":166,"column":0},"end":{"line":166,"column":0}},"166":{"start":{"line":167,"column":0},"end":{"line":167,"column":105}},"167":{"start":{"line":168,"column":0},"end":{"line":168,"column":58}},"168":{"start":{"line":169,"column":0},"end":{"line":169,"column":3}},"169":{"start":{"line":170,"column":0},"end":{"line":170,"column":0}},"170":{"start":{"line":171,"column":0},"end":{"line":171,"column":5}},"171":{"start":{"line":172,"column":0},"end":{"line":172,"column":85}},"172":{"start":{"line":173,"column":0},"end":{"line":173,"column":5}},"173":{"start":{"line":174,"column":0},"end":{"line":174,"column":94}},"174":{"start":{"line":175,"column":0},"end":{"line":175,"column":38}},"175":{"start":{"line":176,"column":0},"end":{"line":176,"column":66}},"176":{"start":{"line":177,"column":0},"end":{"line":177,"column":58}},"177":{"start":{"line":178,"column":0},"end":{"line":178,"column":3}},"178":{"start":{"line":179,"column":0},"end":{"line":179,"column":0}},"179":{"start":{"line":180,"column":0},"end":{"line":180,"column":5}},"180":{"start":{"line":181,"column":0},"end":{"line":181,"column":73}},"181":{"start":{"line":182,"column":0},"end":{"line":182,"column":5}},"182":{"start":{"line":183,"column":0},"end":{"line":183,"column":25}},"183":{"start":{"line":184,"column":0},"end":{"line":184,"column":22}},"184":{"start":{"line":185,"column":0},"end":{"line":185,"column":31}},"185":{"start":{"line":186,"column":0},"end":{"line":186,"column":22}},"186":{"start":{"line":187,"column":0},"end":{"line":187,"column":92}},"187":{"start":{"line":188,"column":0},"end":{"line":188,"column":38}},"188":{"start":{"line":189,"column":0},"end":{"line":189,"column":34}},"189":{"start":{"line":190,"column":0},"end":{"line":190,"column":90}},"190":{"start":{"line":191,"column":0},"end":{"line":191,"column":5}},"191":{"start":{"line":192,"column":0},"end":{"line":192,"column":56}},"192":{"start":{"line":193,"column":0},"end":{"line":193,"column":0}},"193":{"start":{"line":194,"column":0},"end":{"line":194,"column":21}},"194":{"start":{"line":195,"column":0},"end":{"line":195,"column":13}},"195":{"start":{"line":196,"column":0},"end":{"line":196,"column":36}},"196":{"start":{"line":197,"column":0},"end":{"line":197,"column":17}},"197":{"start":{"line":198,"column":0},"end":{"line":198,"column":25}},"198":{"start":{"line":199,"column":0},"end":{"line":199,"column":35}},"199":{"start":{"line":200,"column":0},"end":{"line":200,"column":10}},"200":{"start":{"line":201,"column":0},"end":{"line":201,"column":6}},"201":{"start":{"line":202,"column":0},"end":{"line":202,"column":0}},"202":{"start":{"line":203,"column":0},"end":{"line":203,"column":74}},"203":{"start":{"line":204,"column":0},"end":{"line":204,"column":37}},"204":{"start":{"line":205,"column":0},"end":{"line":205,"column":21}},"205":{"start":{"line":206,"column":0},"end":{"line":206,"column":54}},"206":{"start":{"line":207,"column":0},"end":{"line":207,"column":36}},"207":{"start":{"line":208,"column":0},"end":{"line":208,"column":7}},"208":{"start":{"line":209,"column":0},"end":{"line":209,"column":3}},"209":{"start":{"line":210,"column":0},"end":{"line":210,"column":0}},"210":{"start":{"line":211,"column":0},"end":{"line":211,"column":5}},"211":{"start":{"line":212,"column":0},"end":{"line":212,"column":112}},"212":{"start":{"line":213,"column":0},"end":{"line":213,"column":5}},"213":{"start":{"line":214,"column":0},"end":{"line":214,"column":27}},"214":{"start":{"line":215,"column":0},"end":{"line":215,"column":22}},"215":{"start":{"line":216,"column":0},"end":{"line":216,"column":88}},"216":{"start":{"line":217,"column":0},"end":{"line":217,"column":38}},"217":{"start":{"line":218,"column":0},"end":{"line":218,"column":73}},"218":{"start":{"line":219,"column":0},"end":{"line":219,"column":57}},"219":{"start":{"line":220,"column":0},"end":{"line":220,"column":3}},"220":{"start":{"line":221,"column":0},"end":{"line":221,"column":0}},"221":{"start":{"line":222,"column":0},"end":{"line":222,"column":54}},"222":{"start":{"line":223,"column":0},"end":{"line":223,"column":87}},"223":{"start":{"line":224,"column":0},"end":{"line":224,"column":99}},"224":{"start":{"line":225,"column":0},"end":{"line":225,"column":5}},"225":{"start":{"line":226,"column":0},"end":{"line":226,"column":3}},"226":{"start":{"line":227,"column":0},"end":{"line":227,"column":0}},"227":{"start":{"line":228,"column":0},"end":{"line":228,"column":60}},"228":{"start":{"line":229,"column":0},"end":{"line":229,"column":78}},"229":{"start":{"line":230,"column":0},"end":{"line":230,"column":89}},"230":{"start":{"line":231,"column":0},"end":{"line":231,"column":5}},"231":{"start":{"line":232,"column":0},"end":{"line":232,"column":66}},"232":{"start":{"line":233,"column":0},"end":{"line":233,"column":112}},"233":{"start":{"line":234,"column":0},"end":{"line":234,"column":5}},"234":{"start":{"line":235,"column":0},"end":{"line":235,"column":3}},"235":{"start":{"line":236,"column":0},"end":{"line":236,"column":0}},"236":{"start":{"line":237,"column":0},"end":{"line":237,"column":83}},"237":{"start":{"line":238,"column":0},"end":{"line":238,"column":49}},"238":{"start":{"line":239,"column":0},"end":{"line":239,"column":3}},"239":{"start":{"line":240,"column":0},"end":{"line":240,"column":0}},"240":{"start":{"line":241,"column":0},"end":{"line":241,"column":85}},"241":{"start":{"line":242,"column":0},"end":{"line":242,"column":25}},"242":{"start":{"line":243,"column":0},"end":{"line":243,"column":20}},"243":{"start":{"line":244,"column":0},"end":{"line":244,"column":0}},"244":{"start":{"line":245,"column":0},"end":{"line":245,"column":35}},"245":{"start":{"line":246,"column":0},"end":{"line":246,"column":11}},"246":{"start":{"line":247,"column":0},"end":{"line":247,"column":59}},"247":{"start":{"line":248,"column":0},"end":{"line":248,"column":23}},"248":{"start":{"line":249,"column":0},"end":{"line":249,"column":12}},"249":{"start":{"line":250,"column":0},"end":{"line":250,"column":55}},"250":{"start":{"line":251,"column":0},"end":{"line":251,"column":54}},"251":{"start":{"line":252,"column":0},"end":{"line":252,"column":11}},"252":{"start":{"line":253,"column":0},"end":{"line":253,"column":22}},"253":{"start":{"line":254,"column":0},"end":{"line":254,"column":9}},"254":{"start":{"line":255,"column":0},"end":{"line":255,"column":0}},"255":{"start":{"line":256,"column":0},"end":{"line":256,"column":37}},"256":{"start":{"line":257,"column":0},"end":{"line":257,"column":22}},"257":{"start":{"line":258,"column":0},"end":{"line":258,"column":9}},"258":{"start":{"line":259,"column":0},"end":{"line":259,"column":0}},"259":{"start":{"line":260,"column":0},"end":{"line":260,"column":18}},"260":{"start":{"line":261,"column":0},"end":{"line":261,"column":53}},"261":{"start":{"line":262,"column":0},"end":{"line":262,"column":71}},"262":{"start":{"line":263,"column":0},"end":{"line":263,"column":7}},"263":{"start":{"line":264,"column":0},"end":{"line":264,"column":5}},"264":{"start":{"line":265,"column":0},"end":{"line":265,"column":0}},"265":{"start":{"line":266,"column":0},"end":{"line":266,"column":45}},"266":{"start":{"line":267,"column":0},"end":{"line":267,"column":3}},"267":{"start":{"line":268,"column":0},"end":{"line":268,"column":0}},"268":{"start":{"line":269,"column":0},"end":{"line":269,"column":83}},"269":{"start":{"line":270,"column":0},"end":{"line":270,"column":41}},"270":{"start":{"line":271,"column":0},"end":{"line":271,"column":45}},"271":{"start":{"line":272,"column":0},"end":{"line":272,"column":75}},"272":{"start":{"line":273,"column":0},"end":{"line":273,"column":0}},"273":{"start":{"line":274,"column":0},"end":{"line":274,"column":9}},"274":{"start":{"line":275,"column":0},"end":{"line":275,"column":36}},"275":{"start":{"line":276,"column":0},"end":{"line":276,"column":19}},"276":{"start":{"line":277,"column":0},"end":{"line":277,"column":34}},"277":{"start":{"line":278,"column":0},"end":{"line":278,"column":9}},"278":{"start":{"line":279,"column":0},"end":{"line":279,"column":0}},"279":{"start":{"line":280,"column":0},"end":{"line":280,"column":35}},"280":{"start":{"line":281,"column":0},"end":{"line":281,"column":11}},"281":{"start":{"line":282,"column":0},"end":{"line":282,"column":36}},"282":{"start":{"line":283,"column":0},"end":{"line":283,"column":26}},"283":{"start":{"line":284,"column":0},"end":{"line":284,"column":65}},"284":{"start":{"line":285,"column":0},"end":{"line":285,"column":7}},"285":{"start":{"line":286,"column":0},"end":{"line":286,"column":0}},"286":{"start":{"line":287,"column":0},"end":{"line":287,"column":20}},"287":{"start":{"line":288,"column":0},"end":{"line":288,"column":78}},"288":{"start":{"line":289,"column":0},"end":{"line":289,"column":7}},"289":{"start":{"line":290,"column":0},"end":{"line":290,"column":0}},"290":{"start":{"line":291,"column":0},"end":{"line":291,"column":27}},"291":{"start":{"line":292,"column":0},"end":{"line":292,"column":21}},"292":{"start":{"line":293,"column":0},"end":{"line":293,"column":58}},"293":{"start":{"line":294,"column":0},"end":{"line":294,"column":64}},"294":{"start":{"line":295,"column":0},"end":{"line":295,"column":43}},"295":{"start":{"line":296,"column":0},"end":{"line":296,"column":80}},"296":{"start":{"line":297,"column":0},"end":{"line":297,"column":10}},"297":{"start":{"line":298,"column":0},"end":{"line":298,"column":7}},"298":{"start":{"line":299,"column":0},"end":{"line":299,"column":45}},"299":{"start":{"line":300,"column":0},"end":{"line":300,"column":78}},"300":{"start":{"line":301,"column":0},"end":{"line":301,"column":8}},"301":{"start":{"line":302,"column":0},"end":{"line":302,"column":15}},"302":{"start":{"line":303,"column":0},"end":{"line":303,"column":30}},"303":{"start":{"line":304,"column":0},"end":{"line":304,"column":5}},"304":{"start":{"line":305,"column":0},"end":{"line":305,"column":3}},"305":{"start":{"line":306,"column":0},"end":{"line":306,"column":0}},"306":{"start":{"line":307,"column":0},"end":{"line":307,"column":82}},"307":{"start":{"line":308,"column":0},"end":{"line":308,"column":54}},"308":{"start":{"line":309,"column":0},"end":{"line":309,"column":81}},"309":{"start":{"line":310,"column":0},"end":{"line":310,"column":0}},"310":{"start":{"line":311,"column":0},"end":{"line":311,"column":25}},"311":{"start":{"line":312,"column":0},"end":{"line":312,"column":51}},"312":{"start":{"line":313,"column":0},"end":{"line":313,"column":5}},"313":{"start":{"line":314,"column":0},"end":{"line":314,"column":43}},"314":{"start":{"line":315,"column":0},"end":{"line":315,"column":59}},"315":{"start":{"line":316,"column":0},"end":{"line":316,"column":5}},"316":{"start":{"line":317,"column":0},"end":{"line":317,"column":43}},"317":{"start":{"line":318,"column":0},"end":{"line":318,"column":54}},"318":{"start":{"line":319,"column":0},"end":{"line":319,"column":5}},"319":{"start":{"line":320,"column":0},"end":{"line":320,"column":0}},"320":{"start":{"line":321,"column":0},"end":{"line":321,"column":55}},"321":{"start":{"line":322,"column":0},"end":{"line":322,"column":3}},"322":{"start":{"line":323,"column":0},"end":{"line":323,"column":1}}},"s":{"0":1,"1":1,"2":1,"3":1,"4":1,"5":1,"6":1,"7":1,"8":1,"9":1,"10":1,"11":1,"12":1,"13":1,"14":1,"15":1,"16":1,"17":1,"18":1,"19":1,"20":1,"21":1,"22":1,"23":1,"24":1,"25":1,"26":1,"27":1,"28":1,"29":1,"30":1,"31":1,"32":1,"33":1,"34":1,"35":1,"36":1,"37":1,"38":1,"39":1,"40":1,"41":1,"42":1,"43":1,"44":1,"45":66,"46":1,"47":1,"48":66,"49":66,"50":66,"51":66,"52":66,"53":66,"54":1,"55":1,"56":1,"57":1,"58":1,"59":1,"60":1,"61":1,"62":1,"63":1,"64":1,"65":1,"66":1,"67":1,"68":1,"69":1,"70":1,"71":1,"72":1,"73":1,"74":3,"75":3,"76":3,"77":3,"78":3,"79":3,"80":3,"81":3,"82":3,"83":3,"84":3,"85":3,"86":3,"87":3,"88":3,"89":3,"90":3,"91":3,"92":3,"93":1,"94":1,"95":1,"96":1,"97":1,"98":1,"99":1,"100":1,"101":1,"102":1,"103":1,"104":0,"105":0,"106":1,"107":1,"108":1,"109":1,"110":1,"111":2,"112":2,"113":2,"114":1,"115":1,"116":1,"117":1,"118":1,"119":1,"120":1,"121":1,"122":1,"123":1,"124":1,"125":1,"126":1,"127":1,"128":1,"129":3,"130":3,"131":3,"132":3,"133":3,"134":3,"135":3,"136":0,"137":0,"138":3,"139":0,"140":0,"141":2,"142":2,"143":2,"144":2,"145":2,"146":3,"147":3,"148":3,"149":3,"150":3,"151":3,"152":3,"153":3,"154":3,"155":3,"156":1,"157":1,"158":1,"159":1,"160":1,"161":4,"162":4,"163":0,"164":0,"165":4,"166":4,"167":4,"168":4,"169":1,"170":1,"171":1,"172":1,"173":1,"174":2,"175":2,"176":2,"177":2,"178":1,"179":1,"180":1,"181":1,"182":1,"183":1,"184":1,"185":1,"186":1,"187":1,"188":1,"189":0,"190":0,"191":1,"192":1,"193":1,"194":1,"195":1,"196":1,"197":1,"198":1,"199":1,"200":1,"201":1,"202":1,"203":1,"204":1,"205":1,"206":1,"207":1,"208":1,"209":1,"210":1,"211":1,"212":1,"213":1,"214":1,"215":1,"216":1,"217":1,"218":1,"219":1,"220":1,"221":1,"222":15,"223":3,"224":3,"225":15,"226":1,"227":1,"228":5,"229":0,"230":0,"231":5,"232":0,"233":0,"234":5,"235":1,"236":1,"237":12,"238":12,"239":1,"240":1,"241":2,"242":2,"243":2,"244":2,"245":3,"246":3,"247":3,"248":1,"249":1,"250":1,"251":1,"252":0,"253":0,"254":1,"255":1,"256":0,"257":0,"258":1,"259":1,"260":1,"261":1,"262":1,"263":3,"264":0,"265":0,"266":2,"267":1,"268":1,"269":15,"270":15,"271":15,"272":15,"273":15,"274":15,"275":15,"276":15,"277":15,"278":10,"279":10,"280":10,"281":10,"282":13,"283":0,"284":0,"285":10,"286":13,"287":2,"288":2,"289":8,"290":8,"291":15,"292":7,"293":7,"294":1,"295":1,"296":1,"297":1,"298":4,"299":7,"300":7,"301":15,"302":15,"303":15,"304":15,"305":1,"306":1,"307":2,"308":2,"309":2,"310":2,"311":1,"312":1,"313":2,"314":1,"315":1,"316":2,"317":0,"318":0,"319":0,"320":0,"321":2,"322":1},"branchMap":{"0":{"type":"branch","line":45,"loc":{"start":{"line":45,"column":10},"end":{"line":46,"column":28}},"locations":[{"start":{"line":45,"column":10},"end":{"line":46,"column":28}}]},"1":{"type":"branch","line":48,"loc":{"start":{"line":48,"column":2},"end":{"line":54,"column":3}},"locations":[{"start":{"line":48,"column":2},"end":{"line":54,"column":3}}]},"2":{"type":"branch","line":59,"loc":{"start":{"line":59,"column":2},"end":{"line":61,"column":3}},"locations":[{"start":{"line":59,"column":2},"end":{"line":61,"column":3}}]},"3":{"type":"branch","line":66,"loc":{"start":{"line":66,"column":2},"end":{"line":68,"column":3}},"locations":[{"start":{"line":66,"column":2},"end":{"line":68,"column":3}}]},"4":{"type":"branch","line":74,"loc":{"start":{"line":74,"column":2},"end":{"line":93,"column":3}},"locations":[{"start":{"line":74,"column":2},"end":{"line":93,"column":3}}]},"5":{"type":"branch","line":85,"loc":{"start":{"line":85,"column":21},"end":{"line":85,"column":36}},"locations":[{"start":{"line":85,"column":21},"end":{"line":85,"column":36}}]},"6":{"type":"branch","line":99,"loc":{"start":{"line":99,"column":2},"end":{"line":123,"column":3}},"locations":[{"start":{"line":99,"column":2},"end":{"line":123,"column":3}}]},"7":{"type":"branch","line":104,"loc":{"start":{"line":104,"column":57},"end":{"line":106,"column":5}},"locations":[{"start":{"line":104,"column":57},"end":{"line":106,"column":5}}]},"8":{"type":"branch","line":107,"loc":{"start":{"line":107,"column":20},"end":{"line":107,"column":54}},"locations":[{"start":{"line":107,"column":20},"end":{"line":107,"column":54}}]},"9":{"type":"branch","line":111,"loc":{"start":{"line":111,"column":27},"end":{"line":115,"column":8}},"locations":[{"start":{"line":111,"column":27},"end":{"line":115,"column":8}}]},"10":{"type":"branch","line":129,"loc":{"start":{"line":129,"column":2},"end":{"line":156,"column":3}},"locations":[{"start":{"line":129,"column":2},"end":{"line":156,"column":3}}]},"11":{"type":"branch","line":136,"loc":{"start":{"line":136,"column":34},"end":{"line":136,"column":65}},"locations":[{"start":{"line":136,"column":34},"end":{"line":136,"column":65}}]},"12":{"type":"branch","line":136,"loc":{"start":{"line":136,"column":65},"end":{"line":138,"column":5}},"locations":[{"start":{"line":136,"column":65},"end":{"line":138,"column":5}}]},"13":{"type":"branch","line":138,"loc":{"start":{"line":138,"column":4},"end":{"line":139,"column":16}},"locations":[{"start":{"line":138,"column":4},"end":{"line":139,"column":16}}]},"14":{"type":"branch","line":139,"loc":{"start":{"line":139,"column":16},"end":{"line":141,"column":5}},"locations":[{"start":{"line":139,"column":16},"end":{"line":141,"column":5}}]},"15":{"type":"branch","line":141,"loc":{"start":{"line":141,"column":4},"end":{"line":147,"column":38}},"locations":[{"start":{"line":141,"column":4},"end":{"line":147,"column":38}}]},"16":{"type":"branch","line":147,"loc":{"start":{"line":147,"column":25},"end":{"line":147,"column":45}},"locations":[{"start":{"line":147,"column":25},"end":{"line":147,"column":45}}]},"17":{"type":"branch","line":148,"loc":{"start":{"line":148,"column":22},"end":{"line":148,"column":41}},"locations":[{"start":{"line":148,"column":22},"end":{"line":148,"column":41}}]},"18":{"type":"branch","line":161,"loc":{"start":{"line":161,"column":2},"end":{"line":169,"column":3}},"locations":[{"start":{"line":161,"column":2},"end":{"line":169,"column":3}}]},"19":{"type":"branch","line":163,"loc":{"start":{"line":163,"column":51},"end":{"line":165,"column":5}},"locations":[{"start":{"line":163,"column":51},"end":{"line":165,"column":5}}]},"20":{"type":"branch","line":174,"loc":{"start":{"line":174,"column":2},"end":{"line":178,"column":3}},"locations":[{"start":{"line":174,"column":2},"end":{"line":178,"column":3}}]},"21":{"type":"branch","line":183,"loc":{"start":{"line":183,"column":2},"end":{"line":209,"column":3}},"locations":[{"start":{"line":183,"column":2},"end":{"line":209,"column":3}}]},"22":{"type":"branch","line":189,"loc":{"start":{"line":189,"column":33},"end":{"line":191,"column":5}},"locations":[{"start":{"line":189,"column":33},"end":{"line":191,"column":5}}]},"23":{"type":"branch","line":192,"loc":{"start":{"line":192,"column":20},"end":{"line":192,"column":54}},"locations":[{"start":{"line":192,"column":20},"end":{"line":192,"column":54}}]},"24":{"type":"branch","line":196,"loc":{"start":{"line":196,"column":27},"end":{"line":200,"column":8}},"locations":[{"start":{"line":196,"column":27},"end":{"line":200,"column":8}}]},"25":{"type":"branch","line":214,"loc":{"start":{"line":214,"column":2},"end":{"line":220,"column":3}},"locations":[{"start":{"line":214,"column":2},"end":{"line":220,"column":3}}]},"26":{"type":"branch","line":222,"loc":{"start":{"line":222,"column":10},"end":{"line":226,"column":3}},"locations":[{"start":{"line":222,"column":10},"end":{"line":226,"column":3}}]},"27":{"type":"branch","line":223,"loc":{"start":{"line":223,"column":9},"end":{"line":223,"column":55}},"locations":[{"start":{"line":223,"column":9},"end":{"line":223,"column":55}}]},"28":{"type":"branch","line":223,"loc":{"start":{"line":223,"column":43},"end":{"line":223,"column":86}},"locations":[{"start":{"line":223,"column":43},"end":{"line":223,"column":86}}]},"29":{"type":"branch","line":223,"loc":{"start":{"line":223,"column":86},"end":{"line":225,"column":5}},"locations":[{"start":{"line":223,"column":86},"end":{"line":225,"column":5}}]},"30":{"type":"branch","line":228,"loc":{"start":{"line":228,"column":10},"end":{"line":235,"column":3}},"locations":[{"start":{"line":228,"column":10},"end":{"line":235,"column":3}}]},"31":{"type":"branch","line":229,"loc":{"start":{"line":229,"column":77},"end":{"line":231,"column":5}},"locations":[{"start":{"line":229,"column":77},"end":{"line":231,"column":5}}]},"32":{"type":"branch","line":232,"loc":{"start":{"line":232,"column":65},"end":{"line":234,"column":5}},"locations":[{"start":{"line":232,"column":65},"end":{"line":234,"column":5}}]},"33":{"type":"branch","line":237,"loc":{"start":{"line":237,"column":2},"end":{"line":239,"column":3}},"locations":[{"start":{"line":237,"column":2},"end":{"line":239,"column":3}}]},"34":{"type":"branch","line":241,"loc":{"start":{"line":241,"column":2},"end":{"line":267,"column":3}},"locations":[{"start":{"line":241,"column":2},"end":{"line":267,"column":3}}]},"35":{"type":"branch","line":245,"loc":{"start":{"line":245,"column":34},"end":{"line":264,"column":5}},"locations":[{"start":{"line":245,"column":34},"end":{"line":264,"column":5}}]},"36":{"type":"branch","line":248,"loc":{"start":{"line":248,"column":6},"end":{"line":263,"column":7}},"locations":[{"start":{"line":248,"column":6},"end":{"line":263,"column":7}}]},"37":{"type":"branch","line":252,"loc":{"start":{"line":252,"column":10},"end":{"line":254,"column":9}},"locations":[{"start":{"line":252,"column":10},"end":{"line":254,"column":9}}]},"38":{"type":"branch","line":256,"loc":{"start":{"line":256,"column":36},"end":{"line":258,"column":9}},"locations":[{"start":{"line":256,"column":36},"end":{"line":258,"column":9}}]},"39":{"type":"branch","line":264,"loc":{"start":{"line":264,"column":4},"end":{"line":266,"column":45}},"locations":[{"start":{"line":264,"column":4},"end":{"line":266,"column":45}}]},"40":{"type":"branch","line":262,"loc":{"start":{"line":262,"column":26},"end":{"line":262,"column":69}},"locations":[{"start":{"line":262,"column":26},"end":{"line":262,"column":69}}]},"41":{"type":"branch","line":269,"loc":{"start":{"line":269,"column":2},"end":{"line":305,"column":3}},"locations":[{"start":{"line":269,"column":2},"end":{"line":305,"column":3}}]},"42":{"type":"branch","line":278,"loc":{"start":{"line":278,"column":7},"end":{"line":292,"column":13}},"locations":[{"start":{"line":278,"column":7},"end":{"line":292,"column":13}}]},"43":{"type":"branch","line":278,"loc":{"start":{"line":278,"column":7},"end":{"line":283,"column":15}},"locations":[{"start":{"line":278,"column":7},"end":{"line":283,"column":15}}]},"44":{"type":"branch","line":283,"loc":{"start":{"line":283,"column":6},"end":{"line":285,"column":7}},"locations":[{"start":{"line":283,"column":6},"end":{"line":285,"column":7}}]},"45":{"type":"branch","line":285,"loc":{"start":{"line":285,"column":6},"end":{"line":287,"column":19}},"locations":[{"start":{"line":285,"column":6},"end":{"line":287,"column":19}}]},"46":{"type":"branch","line":287,"loc":{"start":{"line":287,"column":19},"end":{"line":289,"column":7}},"locations":[{"start":{"line":287,"column":19},"end":{"line":289,"column":7}}]},"47":{"type":"branch","line":289,"loc":{"start":{"line":289,"column":6},"end":{"line":292,"column":13}},"locations":[{"start":{"line":289,"column":6},"end":{"line":292,"column":13}}]},"48":{"type":"branch","line":292,"loc":{"start":{"line":292,"column":4},"end":{"line":302,"column":6}},"locations":[{"start":{"line":292,"column":4},"end":{"line":302,"column":6}}]},"49":{"type":"branch","line":293,"loc":{"start":{"line":293,"column":46},"end":{"line":293,"column":58}},"locations":[{"start":{"line":293,"column":46},"end":{"line":293,"column":58}}]},"50":{"type":"branch","line":293,"loc":{"start":{"line":293,"column":52},"end":{"line":294,"column":49}},"locations":[{"start":{"line":293,"column":52},"end":{"line":294,"column":49}}]},"51":{"type":"branch","line":294,"loc":{"start":{"line":294,"column":63},"end":{"line":298,"column":7}},"locations":[{"start":{"line":294,"column":63},"end":{"line":298,"column":7}}]},"52":{"type":"branch","line":298,"loc":{"start":{"line":298,"column":6},"end":{"line":300,"column":37}},"locations":[{"start":{"line":298,"column":6},"end":{"line":300,"column":37}}]},"53":{"type":"branch","line":300,"loc":{"start":{"line":300,"column":26},"end":{"line":300,"column":78}},"locations":[{"start":{"line":300,"column":26},"end":{"line":300,"column":78}}]},"54":{"type":"branch","line":302,"loc":{"start":{"line":302,"column":4},"end":{"line":302,"column":6}},"locations":[{"start":{"line":302,"column":4},"end":{"line":302,"column":6}}]},"55":{"type":"branch","line":307,"loc":{"start":{"line":307,"column":10},"end":{"line":322,"column":3}},"locations":[{"start":{"line":307,"column":10},"end":{"line":322,"column":3}}]},"56":{"type":"branch","line":308,"loc":{"start":{"line":308,"column":30},"end":{"line":308,"column":54}},"locations":[{"start":{"line":308,"column":30},"end":{"line":308,"column":54}}]},"57":{"type":"branch","line":309,"loc":{"start":{"line":309,"column":33},"end":{"line":309,"column":81}},"locations":[{"start":{"line":309,"column":33},"end":{"line":309,"column":81}}]},"58":{"type":"branch","line":311,"loc":{"start":{"line":311,"column":24},"end":{"line":314,"column":42}},"locations":[{"start":{"line":311,"column":24},"end":{"line":314,"column":42}}]},"59":{"type":"branch","line":314,"loc":{"start":{"line":314,"column":42},"end":{"line":316,"column":5}},"locations":[{"start":{"line":314,"column":42},"end":{"line":316,"column":5}}]},"60":{"type":"branch","line":316,"loc":{"start":{"line":316,"column":4},"end":{"line":317,"column":42}},"locations":[{"start":{"line":316,"column":4},"end":{"line":317,"column":42}}]},"61":{"type":"branch","line":317,"loc":{"start":{"line":317,"column":42},"end":{"line":321,"column":55}},"locations":[{"start":{"line":317,"column":42},"end":{"line":321,"column":55}}]}},"b":{"0":[66],"1":[66],"2":[1],"3":[1],"4":[3],"5":[1],"6":[1],"7":[0],"8":[2],"9":[2],"10":[3],"11":[2],"12":[0],"13":[2],"14":[0],"15":[2],"16":[1],"17":[1],"18":[4],"19":[0],"20":[2],"21":[1],"22":[0],"23":[1],"24":[1],"25":[1],"26":[15],"27":[13],"28":[13],"29":[3],"30":[5],"31":[0],"32":[0],"33":[12],"34":[2],"35":[3],"36":[1],"37":[0],"38":[0],"39":[0],"40":[1],"41":[15],"42":[13],"43":[10],"44":[0],"45":[10],"46":[2],"47":[8],"48":[7],"49":[2],"50":[5],"51":[1],"52":[4],"53":[0],"54":[0],"55":[2],"56":[0],"57":[0],"58":[1],"59":[1],"60":[0],"61":[0]},"fnMap":{"0":{"name":"<instance_members_initializer>","decl":{"start":{"line":45,"column":10},"end":{"line":46,"column":28}},"loc":{"start":{"line":45,"column":10},"end":{"line":46,"column":28}},"line":45},"1":{"name":"VectorEngineClient","decl":{"start":{"line":48,"column":2},"end":{"line":54,"column":3}},"loc":{"start":{"line":48,"column":2},"end":{"line":54,"column":3}},"line":48},"2":{"name":"getHealth","decl":{"start":{"line":59,"column":2},"end":{"line":61,"column":3}},"loc":{"start":{"line":59,"column":2},"end":{"line":61,"column":3}},"line":59},"3":{"name":"getStats","decl":{"start":{"line":66,"column":2},"end":{"line":68,"column":3}},"loc":{"start":{"line":66,"column":2},"end":{"line":68,"column":3}},"line":66},"4":{"name":"insertVector","decl":{"start":{"line":74,"column":2},"end":{"line":93,"column":3}},"loc":{"start":{"line":74,"column":2},"end":{"line":93,"column":3}},"line":74},"5":{"name":"insertBatch","decl":{"start":{"line":99,"column":2},"end":{"line":123,"column":3}},"loc":{"start":{"line":99,"column":2},"end":{"line":123,"column":3}},"line":99},"6":{"name":"searchVectors","decl":{"start":{"line":129,"column":2},"end":{"line":156,"column":3}},"loc":{"start":{"line":129,"column":2},"end":{"line":156,"column":3}},"line":129},"7":{"name":"deleteVector","decl":{"start":{"line":161,"column":2},"end":{"line":169,"column":3}},"loc":{"start":{"line":161,"column":2},"end":{"line":169,"column":3}},"line":161},"8":{"name":"deleteNamespace","decl":{"start":{"line":174,"column":2},"end":{"line":178,"column":3}},"loc":{"start":{"line":174,"column":2},"end":{"line":178,"column":3}},"line":174},"9":{"name":"rebuildNamespace","decl":{"start":{"line":183,"column":2},"end":{"line":209,"column":3}},"loc":{"start":{"line":183,"column":2},"end":{"line":209,"column":3}},"line":183},"10":{"name":"getNamespaceStatus","decl":{"start":{"line":214,"column":2},"end":{"line":220,"column":3}},"loc":{"start":{"line":214,"column":2},"end":{"line":220,"column":3}},"line":214},"11":{"name":"validateNamespace","decl":{"start":{"line":222,"column":10},"end":{"line":226,"column":3}},"loc":{"start":{"line":222,"column":10},"end":{"line":226,"column":3}},"line":222},"12":{"name":"validateVectorInput","decl":{"start":{"line":228,"column":10},"end":{"line":235,"column":3}},"loc":{"start":{"line":228,"column":10},"end":{"line":235,"column":3}},"line":228},"13":{"name":"requestNoRetry","decl":{"start":{"line":237,"column":2},"end":{"line":239,"column":3}},"loc":{"start":{"line":237,"column":2},"end":{"line":239,"column":3}},"line":237},"14":{"name":"requestWithRetry","decl":{"start":{"line":241,"column":2},"end":{"line":267,"column":3}},"loc":{"start":{"line":241,"column":2},"end":{"line":267,"column":3}},"line":241},"15":{"name":"executeRequest","decl":{"start":{"line":269,"column":2},"end":{"line":305,"column":3}},"loc":{"start":{"line":269,"column":2},"end":{"line":305,"column":3}},"line":269},"16":{"name":"handleErrorResponse","decl":{"start":{"line":307,"column":10},"end":{"line":322,"column":3}},"loc":{"start":{"line":307,"column":10},"end":{"line":322,"column":3}},"line":307}},"f":{"0":66,"1":66,"2":1,"3":1,"4":3,"5":1,"6":3,"7":4,"8":2,"9":1,"10":1,"11":15,"12":5,"13":12,"14":2,"15":15,"16":2}}
,"C:\\Users\\shash\\OneDrive\\Documents\\My own AI\\Your-OWN-AI\\apps\\api\\src\\config\\env.ts": {"path":"C:\\Users\\shash\\OneDrive\\Documents\\My own AI\\Your-OWN-AI\\apps\\api\\src\\config\\env.ts","all":false,"statementMap":{"0":{"start":{"line":1,"column":0},"end":{"line":1,"column":28}},"1":{"start":{"line":2,"column":0},"end":{"line":2,"column":24}},"2":{"start":{"line":3,"column":0},"end":{"line":3,"column":0}},"3":{"start":{"line":4,"column":0},"end":{"line":4,"column":16}},"4":{"start":{"line":5,"column":0},"end":{"line":5,"column":0}},"5":{"start":{"line":6,"column":0},"end":{"line":6,"column":35}},"6":{"start":{"line":7,"column":0},"end":{"line":7,"column":64}},"7":{"start":{"line":8,"column":0},"end":{"line":8,"column":81}},"8":{"start":{"line":9,"column":0},"end":{"line":9,"column":71}},"9":{"start":{"line":10,"column":0},"end":{"line":10,"column":68}},"10":{"start":{"line":11,"column":0},"end":{"line":11,"column":75}},"11":{"start":{"line":12,"column":0},"end":{"line":12,"column":65}},"12":{"start":{"line":13,"column":0},"end":{"line":13,"column":72}},"13":{"start":{"line":14,"column":0},"end":{"line":14,"column":64}},"14":{"start":{"line":15,"column":0},"end":{"line":15,"column":71}},"15":{"start":{"line":16,"column":0},"end":{"line":16,"column":70}},"16":{"start":{"line":17,"column":0},"end":{"line":17,"column":75}},"17":{"start":{"line":18,"column":0},"end":{"line":18,"column":79}},"18":{"start":{"line":19,"column":0},"end":{"line":19,"column":20}},"19":{"start":{"line":20,"column":0},"end":{"line":20,"column":13}},"20":{"start":{"line":21,"column":0},"end":{"line":21,"column":59}},"21":{"start":{"line":22,"column":0},"end":{"line":22,"column":87}},"22":{"start":{"line":23,"column":0},"end":{"line":23,"column":49}},"23":{"start":{"line":24,"column":0},"end":{"line":24,"column":75}},"24":{"start":{"line":25,"column":0},"end":{"line":25,"column":66}},"25":{"start":{"line":26,"column":0},"end":{"line":26,"column":72}},"26":{"start":{"line":27,"column":0},"end":{"line":27,"column":3}},"27":{"start":{"line":28,"column":0},"end":{"line":28,"column":0}},"28":{"start":{"line":29,"column":0},"end":{"line":29,"column":64}},"29":{"start":{"line":30,"column":0},"end":{"line":30,"column":0}},"30":{"start":{"line":31,"column":0},"end":{"line":31,"column":68}},"31":{"start":{"line":32,"column":0},"end":{"line":32,"column":47}},"32":{"start":{"line":33,"column":0},"end":{"line":33,"column":24}},"33":{"start":{"line":34,"column":0},"end":{"line":34,"column":44}},"34":{"start":{"line":35,"column":0},"end":{"line":35,"column":94}},"35":{"start":{"line":36,"column":0},"end":{"line":36,"column":57}},"36":{"start":{"line":37,"column":0},"end":{"line":37,"column":3}},"37":{"
[...]
line":142,"loc":{"start":{"line":142,"column":41},"end":{"line":173,"column":5}},"locations":[{"start":{"line":142,"column":41},"end":{"line":173,"column":5}}]},"19":{"type":"branch","line":146,"loc":{"start":{"line":146,"column":18},"end":{"line":149,"column":7}},"locations":[{"start":{"line":146,"column":18},"end":{"line":149,"column":7}}]},"20":{"type":"branch","line":149,"loc":{"start":{"line":149,"column":6},"end":{"line":152,"column":54}},"locations":[{"start":{"line":149,"column":6},"end":{"line":152,"column":54}}]},"21":{"type":"branch","line":152,"loc":{"start":{"line":152,"column":54},"end":{"line":155,"column":7}},"locations":[{"start":{"line":152,"column":54},"end":{"line":155,"column":7}}]},"22":{"type":"branch","line":155,"loc":{"start":{"line":155,"column":6},"end":{"line":160,"column":26}},"locations":[{"start":{"line":155,"column":6},"end":{"line":160,"column":26}}]},"23":{"type":"branch","line":160,"loc":{"start":{"line":160,"column":10},"end":{"line":160,"column":55}},"locations":[{"start":{"line":160,"column":10},"end":{"line":160,"column":55}}]},"24":{"type":"branch","line":160,"loc":{"start":{"line":160,"column":55},"end":{"line":162,"column":7}},"locations":[{"start":{"line":160,"column":55},"end":{"line":162,"column":7}}]},"25":{"type":"branch","line":162,"loc":{"start":{"line":162,"column":6},"end":{"line":167,"column":52}},"locations":[{"start":{"line":162,"column":6},"end":{"line":167,"column":52}}]},"26":{"type":"branch","line":167,"loc":{"start":{"line":167,"column":47},"end":{"line":167,"column":72}},"locations":[{"start":{"line":167,"column":47},"end":{"line":167,"column":72}}]},"27":{"type":"branch","line":171,"loc":{"start":{"line":171,"column":25},"end":{"line":171,"column":68}},"locations":[{"start":{"line":171,"column":25},"end":{"line":171,"column":68}}]},"28":{"type":"branch","line":173,"loc":{"start":{"line":173,"column":4},"end":{"line":179,"column":43}},"locations":[{"start":{"line":173,"column":4},"end":{"line":179,"column":43}}]},"29":{"type":"branch","line":179,"loc":{"start":{"line":179,"column":30},"end":{"line":179,"column":45}},"locations":[{"start":{"line":179,"column":30},"end":{"line":179,"column":45}}]},"30":{"type":"branch","line":106,"loc":{"start":{"line":106,"column":47},"end":{"line":106,"column":58}},"locations":[{"start":{"line":106,"column":47},"end":{"line":106,"column":58}}]},"31":{"type":"branch","line":117,"loc":{"start":{"line":117,"column":19},"end":{"line":120,"column":5}},"locations":[{"start":{"line":117,"column":19},"end":{"line":120,"column":5}}]},"32":{"type":"branch","line":123,"loc":{"start":{"line":123,"column":57},"end":{"line":123,"column":96}},"locations":[{"start":{"line":123,"column":57},"end":{"line":123,"column":96}}]},"33":{"type":"branch","line":130,"loc":{"start":{"line":130,"column":22},"end":{"line":132,"column":5}},"locations":[{"start":{"line":130,"column":22},"end":{"line":132,"column":5}}]}},"b":{"0":[29],"1":[29],"2":[15],"3":[0],"4":[5],"5":[14],"6":[13],"7":[1],"8":[0],"9":[13],"10":[7],"11":[0],"12":[8],"13":[6],"14":[1],"15":[1],"16":[5],"17":[8],"18":[7],"19":[2],"20":[5],"21":[0],"22":[5],"23":[2],"24":[1],"25":[4],"26":[0],"27":[0],"28":[6],"29":[0],"30":[7],"31":[5],"32":[5],"33":[5]},"fnMap":{"0":{"name":"<instance_members_initializer>","decl":{"start":{"line":37,"column":10},"end":{"line":39,"column":35}},"loc":{"start":{"line":37,"column":10},"end":{"line":39,"column":35}},"line":37},"1":{"name":"SearchService","decl":{"start":{"line":41,"column":2},"end":{"line":49,"column":3}},"loc":{"start":{"line":41,"column":2},"end":{"line":49,"column":3}},"line":41},"2":{"name":"search","decl":{"start":{"line":51,"column":2},"end":{"line":182,"column":3}},"loc":{"start":{"line":51,"column":2},"end":{"line":182,"column":3}},"line":51}},"f":{"0":29,"1":29,"2":15}}
,"C:\\Users\\shash\\OneDrive\\Documents\\My own AI\\Your-OWN-AI\\apps\\api\\src\\services\\sync.service.ts": {"path":"C:\\Users\\shash\\OneDrive\\Documents\\My own AI\\Your-OWN-AI\\apps\\api\\src\\services\\sync.service.ts","all":false,"statementMap":{"0":{"start":{"line":1,"column":0},"end":{"line":1,"column":28}},"1":{"start":{"line":2,"column":0},"end":{"line":2,"column":32}},"2":{"start":{"line":3,"column":0},"end":{"line":3,"column":56}},"3":{"start":{"line":4,"column":0},"end":{"line":4,"column":85}},"4":{"start":{"line":5,"column":0},"end":{"line":5,"column":74}},"5":{"start":{"line":6,"column":0},"end":{"line":6,"column":0}},"6":{"start":{"line":7,"column":0},"end":{"line":7,"column":41}},"7":{"start":{"line":8,"column":0},"end":{"line":8,"column":20}},"8":{"start":{"line":9,"column":0},"end":{"line":9,"column":18}},"9":{"start":{"line":10,"column":0},"end":{"line":10,"column":24}},"10":{"start":{"line":11,"column":0},"end":{"line":11,"column":22}},"11":{"start":{"line":12,"column":0},"end":{"line":12,"column":74}},"12":{"start":{"line":13,"column":0},"end":{"line":13,"column":19}},"13":{"start":{"line":14,"column":0},"end":{"line":14,"column":1}},"14":{"start":{"line":15,"column":0},"end":{"line":15,"column":0}},"15":{"start":{"line":16,"column":0},"end":{"line":16,"column":26}},"16":{"start":{"line":17,"column":0},"end":{"line":17,"column":49}},"17":{"start":{"line":18,"column":0},"end":{"line":18,"column":35}},"18":{"start":{"line":19,"column":0},"end":{"line":19,"column":11}},"19":{"start":{"line":20,"column":0},"end":{"line":20,"column":89}},"20":{"start":{"line":21,"column":0},"end":{"line":21,"column":6}},"21":{"start":{"line":22,"column":0},"end":{"line":22,"column":0}},"22":{"start":{"line":23,"column":0},"end":{"line":23,"column":62}},"23":{"start":{"line":24,"column":0},"end":{"line":24,"column":49}},"24":{"start":{"line":25,"column":0},"end":{"line":25,"column":3}},"25":{"start":{"line":26,"column":0},"end":{"line":26,"column":0}},"26":{"start":{"line":27,"column":0},"end":{"line":27,"column":5}},"27":{"start":{"line":28,"column":0},"end":{"line":28,"column":59}},"28":{"start":{"line":29,"column":0},"end":{"line":29,"column":84}},"29":{"start":{"line":30,"column":0},"end":{"line":30,"column":61}},"30":{"start":{"line":31,"column":0},"end":{"line":31,"column":5}},"31":{"start":{"line":32,"column":0},"end":{"line":32,"column":25}},"32":{"start":{"line":33,"column":0},"end":{"line":33,"column":22}},"33":{"start":{"line":34,"column":0},"end":{"line":34,"column":20}},"34":{"start":{"line":35,"column":0},"end":{"line":35,"column":92}},"35":{"start":{"line":36,"column":0},"end":{"line":36,"column":54}},"36":{"start":{"line":37,"column":0},"end":{"line":37,"column":100}},"37":{"start":{"line":38,"column":0},"end":{"line":38,"column":27}},"38":{"start":{"line":39,"column":0},"end":{"line":39,"column":16}},"39":{"start":{"line":40,"column":0},"end":{"line":40,"column":5}},"40":{"start":{"line":41,"column":0},"end":{"line":41,"column":0}},"41":{"start":{"line":42,"column":0},"end":{"line":42,"column":36}},"42":{"start":{"line":43,"column":0},"end":{"line":43,"column":45}},"43":{"start":{"line":44,"column":0},"end":{"line":44,"column":114}},"44":{"start":{"line":45,"column":0},"end":{"line":45,"column":49}},"45":{"start":{"line":46,"column":0},"end":{"line":46,"column":5}},"46":{"start":{"line":47,"column":0},"end":{"line":47,"column":0}},"47":{"start":{"line":48,"column":0},"end":{"line":48,"column":67}},"48":{"start":{"line":49,"column":0},"end":{"line":49,"column":55}},"49":{"start":{"line":50,"column":0},"end":{"line":50,"column":0}},"50":{"start":{"line":51,"column":0},"end":{"line":51,"column":9}},"51":{"start":{"line":52,"column":0},"end":{"line":52,"column":42}},"52":{"start":{"line":53,"column":0},"end":{"line":53,"column":20}},"53":{"start":{"line":54,"column":0},"end":{"line":54,"column":15}},"54":{"start":{"line":55,"column":0},"end":{"line":55,"column":44}},"55":{"start":{"line":56,"column":0},"end":{"line":56,"column":5}},"56":{"start":{"line":57,"column":0},"end":{"line":57,"column":3}},"57":{"start":{"line":58,"column":0},"end":{"line":58,"column":0}},"58":{"start":{"line":59,"column":0},"end":{"line":59,"column":31}},"59":{"start":{"line":60,"column":0},"end":{"line":60,"column":22}},"60":{"start":{"line":61,"column":0},"end":{"line":61,"column":20}},"61":{"start":{"line":62,"column":0},"end":{"line":62,"column":92}},"62":{"start":{"line":63,"column":0},"end":{"line":63,"column":63}},"63":{"start":{"line":64,"column":0},"end":{"line":64,"column":0}},"64":{"start":{"line":65,"column":0},"end":{"line":65,"column":49}},"65":{"start":{"line":66,"column":0},"end":{"line":66,"column":44}},"66":{"start":{"line":67,"column":0},"end":{"line":67,"column":61}},"67":{"start":{"line":68,"column":0},"end":{"line":68,"column":42}},"68":{"start":{"line":69,"column":0},"end":{"line":69,"column":6}},"69":{"start":{"line":70,"column":0},"end":{"line":70,"column":0}},"70":{"start":{"line":71,"column":0},"end":{"line":71,"column":52}},"71":{"start":{"line":72,"column":0},"end":{"line":72,"column":67}},"72":{"start":{"line":73,"column":0},"end":{"line":73,"column":31}},"73":{"start":{"line":74,"column":0},"end":{"line":74,"column":30}},"74":{"start":{"line":75,"column":0},"end":{"line":75,"column":66}},"75":{"start":{"line":76,"column":0},"end":{"line":76,"column":8}},"76":{"start":{"line":77,"column":0},"end":{"line":77,"column":0}},"77":{"start":{"line":78,"column":0},"end":{"line":78,"column":56}},"78":{"start":{"line":79,"column":0},"end":{"line":79,"column":9}},"79":{"start":{"line":80,"column":0},"end":{"line":80,"column":68}},"80":{"start":{"line":81,"column":0},"end":{"line":81,"column":18}},"81":{"start":{"line":82,"column":0},"end":{"line":82,"column":20}},"82":{"start":{"line":83,"column":0},"end":{"line":83,"column":17}},"83":{"start":{"line":84,"column":0},"end":{"line":84,"column":8}},"84":{"start":{"line":85,"column":0},"end":{"line":85,"column":117}},"85":{"start":{"line":86,"column":0},"end":{"line":86,"column":20}},"86":{"start":{"line":87,"column":0},"end":{"line":87,"column":21}},"87":{"start":{"line":88,"column":0},"end":{"line":88,"column":113}},"88":{"start":{"line":89,"column":0},"end":{"line":89,"column":18}},"89":{"start":{"line":90,"column":0},"end":{"line":90,"column":5}},"90":{"start":{"line":91,"column":0},"end":{"line":91,"column":3}},"91":{"start":{"line":92,"column":0},"end":{"line":92,"column":0}},"92":{"start":{"line":93,"column":0},"end":{"line":93,"column":5}},"93":{"start":{"line":94,"column":0},"end":{"line":94,"column":83}},"94":{"start":{"line":95,"column":0},"end":{"line":95,"column":5}},"95":{"start":{"line":96,"column":0},"end":{"line":96,"column":34}},"96":{"start":{"line":97,"column":0},"end":{"line":97,"column":22}},"97":{"start":{"line":98,"column":0},"end":{"line":98,"column":20}},"98":{"start":{"line":99,"column":0},"end":{"line":99,"column":38}},"99":{"start":{"line":100,"column":0},"end":{"line":100,"column":63}},"100":{"start":{"line":101,"column":0},"end":{"line":101,"column":0}},"101":{"start":{"line":102,"column":0},"end":{"line":102,"column":23}},"102":{"start":{"line":103,"column":0},"end":{"line":103,"column":45}},"103":{"start":{"line":104,"column":0},"end":{"line":104,"column":14}},"104":{"start":{"line":105,"column":0},"end":{"line":105,"column":18}},"105":{"start":{"line":106,"column":0},"end":{"line":106,"column":16}},"106":{"start":{"line":107,"column":0},"end":{"line":107,"column":25}},"107":{"start":{"line":108,"column":0},"end":{"line":108,"column":23}},"108":{"start":{"line":109,"column":0},"end":{"line":109,"column":29}},"109":{"start":{"line":110,"column":0},"end":{"line":110,"column":21}},"110":{"start":{"line":111,"column":0},"end":{"line":111,"column":8}},"111":{"start":{"line":112,"column":0},"end":{"line":112,"column":5}},"112":{"start":{"line":113,"column":0},"end":{"line":113,"column":0}},"113":{"start":{"line":114,"column":0},"end":{"line":114,"column":55}},"114":{"start":{"line":115,"column":0},"end":{"line":115,"column":44}},"115":{"start":{"line":116,"column":0},"end":{"line":116,"column":61}},"116":{"start":{"line":117,"column":0},"end":{"line":117,"column":23}},"117":{"start":{"line":118,"column":0},"end":{"line":118,"column":34}},"118":{"start":{"line":119,"column":0},"end":{"line":119,"column":0}},"119":{"start":{"line":120,"column":0},"end":{"line":120,"column":40}},"120":{"start":{"line":121,"column":0},"end":{"line":121,"column":68}},"121":{"start":{"line":122,"column":0},"end":{"line":122,"column":81}},"122":{"start":{"line":123,"column":0},"end":{"line":123,"column":0}},"123":{"start":{"line":124,"column":0},"end":{"line":124,"column":33}},"124":{"start":{"line":125,"column":0},"end":{"line":125,"column":24}},"125":{"start":{"line":126,"column":0},"end":{"line":126,"column":38}},"126":{"start":{"line":127,"column":0},"end":{"line":127,"column":0}},"127":{"start":{"line":128,"column":0},"end":{"line":128,"column":9}},"128":{"start":{"line":129,"column":0},"end":{"line":129,"column":84}},"129":{"start":{"line":130,"column":0},"end":{"line":130,"column":47}},"130":{"start":{"line":131,"column":0},"end":{"line":131,"column":0}},"131":{"start":{"line":132,"column":0},"end":{"line":132,"column":42}},"132":{"start":{"line":133,"column":0},"end":{"line":133,"column":37}},"133":{"start":{"line":134,"column":0},"end":{"line":134,"column":7}},"134":{"start":{"line":135,"column":0},"end":{"line":135,"column":21}},"135":{"start":{"line":136,"column":0},"end":{"line":136,"column":55}},"136":{"start":{"line":137,"column":0},"end":{"line":137,"column":39}},"137":{"start":{"line":138,"column":0},"end":{"line":138,"column":14}},"138":{"start":{"line":139,"column":0},"end":{"line":139,"column":20}},"139":{"start":{"line":140,"column":0},"end":{"line":140,"column":7}},"140":{"start":{"line":141,"column":0},"end":{"line":141,"column":5}},"141":{"start":{"line":142,"column":0},"end":{"line":142,"column":0}},"142":{"start":{"line":143,"column":0},"end":{"line":143,"column":12}},"143":{"start":{"line":144,"column":0},"end":{"line":144,"column":16}},"144":{"start":{"line":145,"column":0},"end":{"line":145,"column":14}},"145":{"start":{"line":146,"column":0},"end":{"line":146,"column":20}},"146":{"start":{"line":147,"column":0},"end":{"line":147,"column":18}},"147":{"start":{"line":148,"column":0},"end":{"line":148,"column":63}},"148":{"start":{"line":149,"column":0},"end":{"line":149,"column":15}},"149":{"start":{"line":150,"column":0},"end":{"line":150,"column":6}},"150":{"start":{"line":151,"column":0},"end":{"line":151,"column":3}},"151":{"start":{"line":152,"column":0},"end":{"line":152,"column":1}}},"s":{"0":1,"1":1,"2":1,"3":1,"4":1,"5":1,"6":1,"7":1,"8":1,"9":1,"10":1,"11":1,"12":1,"13":1,"14":1,"15":1,"16":1,"17":41,"18":41,"19":41,"20":41,"21":1,"22":1,"23":41,"24":41,"25":1,"26":1,"27":1,"28":1,"29":1,"30":1,"31":1,"32":5,"33":5,"34":5,"35":5,"36":0,"37":0,"38":0,"39":0,"40":5,"41":5,"42":5,"43":1,"44":1,"45":1,"46":4,"47":4,"48":4,"49":4,"50":4,"51":4,"52":4,"53":4,"54":4,"55":4,"56":5,"57":1,"58":1,"59":4,"60":4,"61":4,"62":4,"63":4,"64":4,"65":4,"66":4,"67":4,"68":4,"69":4,"70":4,"71":4,"72":4,"73":4,"74":4,"75":4,"76":4,"77":4,"78":4,"79":4,"80":4,"81":4,"82":4,"83":4,"84":4,"85":4,"86":4,"87":0,"88":0,"89":0,"90":4,"91":1,"92":1,"93":1,"94":1,"95":1,"96":5,"97":5,"98":5,"99":5,"100":5,"101":5,"102":5,"103":0,"104":0,"105":0,"106":0,"107":0,"108":0,"109":0,"110":0,"111":0,"112":5,"113":5,"114":5,"115":5,"116":5,"117":5,"118":5,"119":5,"120":5,"121":5,"122":5,"123":5,"124":5,"125":5,"126":5,"127":5,"128":5,"129":5,"130":5,"131":5,"132":1,"133":1,"134":5,"135":1,"136":1,"137":1,"138":0,"139":0,"140":1,"141":5,"142":5,"143":5,"144":5,"145":5,"146":5,"147":5,"148":5,"149":5,"150":5,"151":1},"branchMap":{"0":{"type":"branch","line":17,"loc":{"start":{"line":17,"column":10},"end":{"line":21,"column":6}},"locations":[{"start":{"line":17,"column":10},"end":{"line":21,"column":6}}]},"1":{"type":"branch","line":23,"loc":{"start":{"line":23,"column":2},"end":{"line":25,"column":3}},"locations":[{"start":{"line":23,"column":2},"end":{"line":25,"column":3}}]},"2":{"type":"branch","line":32,"loc":{"start":{"line":32,"column":2},"end":{"line":57,"column":3}},"locations":[{"start":{"line":32,"column":2},"end":{"line":57,"column":3}}]},"3":{"type":"branch","line":36,"loc":{"start":{"line":36,"column":53},"end":{"line":40,"column":5}},"locations":[{"start":{"line":36,"column":53},"end":{"line":40,"column":5}}]},"4":{"type":"branch","line":43,"loc":{"start":{"line":43,"column":44},"end":{"line":46,"column":5}},"locations":[{"start":{"line":43,"column":44},"end":{"line":46,"column":5}}]},"5":{"type":"branch","line":46,"loc":{"start":{"line":46,"column":4},"end":{"line":56,"column":5}},"locations":[{"start":{"line":46,"column":4},"end":{"line":56,"column":5}}]},"6":{"type":"branch","line":59,"loc":{"start":{"line":59,"column":2},"end":{"line":91,"column":3}},"locations":[{"start":{"line":59,"column":2},"end":{"line":91,"column":3}}]},"7":{"type":"branch","line":87,"loc":{"start":{"line":87,"column":4},"end":{"line":90,"column":5}},"locations":[{"start":{"line":87,"column":4},"end":{"line":90,"column":5}}]},"8":{"type":"branch","line":72,"loc":{"start":{"line":72,"column":54},"end":{"line":76,"column":6}},"locations":[{"start":{"line":72,"column":54},"end":{"line":76,"column":6}}]},"9":{"type":"branch","line":75,"loc":{"start":{"line":75,"column":23},"end":{"line":75,"column":66}},"locations":[{"start":{"line":75,"column":23},"end":{"line":75,"column":66}}]},"10":{"type":"branch","line":96,"loc":{"start":{"line":96,"column":2},"end":{"line":151,"column":3}},"locations":[{"start":{"line":96,"column":2},"end":{"line":151,"column":3}}]},"11":{"type":"branch","line":103,"loc":{"start":{"line":103,"column":44},"end":{"line":112,"column":5}},"locations":[{"start":{"line":103,"column":44},"end":{"line":112,"column":5}}]},"12":{"type":"branch","line":129,"loc":{"start":{"line":129,"column":82},"end":{"line":130,"column":45}},"locations":[{"start":{"line":129,"column":82},"end":{"line":130,"column":45}}]},"13":{"type":"branch","line":130,"loc":{"start":{"line":130,"column":30},"end":{"line":130,"column":47}},"locations":[{"start":{"line":130,"column":30},"end":{"line":130,"column":47}}]},"14":{"type":"branch","line":132,"loc":{"start":{"line":132,"column":41},"end":{"line":134,"column":7}},"locations":[{"start":{"line":132,"column":41},"end":{"line":134,"column":7}}]},"15":{"type":"branch","line":135,"loc":{"start":{"line":135,"column":4},"end":{"line":141,"column":5}},"locations":[{"start":{"line":135,"column":4},"end":{"line":141,"column":5}}]},"16":{"type":"branch","line":138,"loc":{"start":{"line":138,"column":6},"end":{"line":140,"column":7}},"locations":[{"start":{"line":138,"column":6},"end":{"line":140,"column":7}}]},"17":{"type":"branch","line":121,"loc":{"start":{"line":121,"column":33},"end":{"line":121,"column":56}},"locations":[{"start":{"line":121,"column":33},"end":{"line":121,"column":56}}]}},"b":{"0":[41],"1":[41],"2":[5],"3":[0],"4":[1],"5":[4],"6":[4],"7":[0],"8":[4],"9":[0],"10":[5],"11":[0],"12":[4],"13":[2],"14":[1],"15":[1],"16":[0],"17":[3]},"fnMap":{"0":{"name":"<instance_members_initializer>","decl":{"start":{"line":17,"column":10},"end":{"line":21,"column":6}},"loc":{"start":{"line":17,"column":10},"end":{"line":21,"column":6}},"line":17},"1":{"name":"SyncService","decl":{"start":{"line":23,"column":2},"end":{"line":25,"column":3}},"loc":{"start":{"line":23,"column":2},"end":{"line":25,"column":3}},"line":23},"2":{"name":"rebuildNamespace","decl":{"start":{"line":32,"column":2},"end":{"line":57,"column":3}},"loc":{"start":{"line":32,"column":2},"end":{"line":57,"column":3}},"line":32},"3":{"name":"executeRebuild","decl":{"start":{"line":59,"column":2},"end":{"line":91,"column":3}},"loc":{"start":{"line":59,"column":2},"end":{"line":91,"column":3}},"line":59},"4":{"name":"checkNamespaceConsistency","decl":{"start":{"line":96,"column":2},"end":{"line":151,"column":3}},"loc":{"start":{"line":96,"column":2},"end":{"line":151,"column":3}},"line":96}},"f":{"0":41,"1":41,"2":5,"3":4,"4":5}}
}
